This file contains any messages produced by compilers while
running configure, to aid debugging if configure makes a mistake.

It was created by libjingle configure 0.4.0, which was
generated by GNU Autoconf 2.61.  Invocation command line was

  $ ./configure --with-speex=/usr

## --------- ##
## Platform. ##
## --------- ##

hostname = shannon
uname -m = x86_64
uname -r = 2.6.25
uname -s = Linux
uname -v = #1 SMP PREEMPT Thu Apr 24 17:09:55 SGT 2008

/usr/bin/uname -p = unknown
/bin/uname -X     = unknown

/bin/arch              = unknown
/usr/bin/arch -k       = unknown
/usr/convex/getsysinfo = unknown
/usr/bin/hostinfo      = unknown
/bin/machine           = unknown
/usr/bin/oslevel       = unknown
/bin/universe          = unknown

PATH: /usr/local/sbin
PATH: /usr/local/bin
PATH: /usr/sbin
PATH: /usr/bin
PATH: /sbin
PATH: /bin
PATH: /usr/bin/X11


## ----------- ##
## Core tests. ##
## ----------- ##

configure:2004: checking build system type
configure:2022: result: x86_64-unknown-linux-gnu
configure:2044: checking host system type
configure:2059: result: x86_64-unknown-linux-gnu
configure:2081: checking target system type
configure:2096: result: x86_64-unknown-linux-gnu
configure:2141: checking for a BSD-compatible install
configure:2197: result: /usr/bin/install -c
configure:2208: checking whether build environment is sane
configure:2251: result: yes
configure:2279: checking for a thread-safe mkdir -p
configure:2318: result: /bin/mkdir -p
configure:2331: checking for gawk
configure:2347: found /usr/bin/gawk
configure:2358: result: gawk
configure:2369: checking whether make sets $(MAKE)
configure:2390: result: yes
configure:2626: checking for gcc
configure:2642: found /usr/bin/gcc
configure:2653: result: gcc
configure:2891: checking for C compiler version
configure:2898: gcc --version >&5
gcc (GCC) 4.2.3 (Debian 4.2.3-2)
Copyright (C) 2007 Free Software Foundation, Inc.
This is free software; see the source for copying conditions.  There is NO
warranty; not even for MERCHANTABILITY or FITNESS FOR A PARTICULAR PURPOSE.

configure:2901: $? = 0
configure:2908: gcc -v >&5
Using built-in specs.
Target: x86_64-linux-gnu
Configured with: ../src/configure -v --enable-languages=c,c++,fortran,objc,obj-c++,treelang --prefix=/usr --enable-shared --with-system-zlib --libexecdir=/usr/lib --without-included-gettext --enable-threads=posix --enable-nls --with-gxx-include-dir=/usr/include/c++/4.2 --program-suffix=-4.2 --enable-clocale=gnu --enable-libstdcxx-debug --enable-objc-gc --enable-mpfr --disable-libmudflap --enable-checking=release --build=x86_64-linux-gnu --host=x86_64-linux-gnu --target=x86_64-linux-gnu
Thread model: posix
gcc version 4.2.3 (Debian 4.2.3-2)
configure:2911: $? = 0
configure:2918: gcc -V >&5
gcc: '-V' option must have argument
configure:2921: $? = 1
configure:2944: checking for C compiler default output file name
configure:2971: gcc    conftest.c  >&5
configure:2974: $? = 0
configure:3012: result: a.out
configure:3029: checking whether the C compiler works
configure:3039: ./a.out
configure:3042: $? = 0
configure:3059: result: yes
configure:3066: checking whether we are cross compiling
configure:3068: result: no
configure:3071: checking for suffix of executables
configure:3078: gcc -o conftest    conftest.c  >&5
configure:3081: $? = 0
configure:3105: result: 
configure:3111: checking for suffix of object files
configure:3137: gcc -c   conftest.c >&5
configure:3140: $? = 0
configure:3163: result: o
configure:3167: checking whether we are using the GNU C compiler
configure:3196: gcc -c   conftest.c >&5
configure:3202: $? = 0
configure:3219: result: yes
configure:3224: checking whether gcc accepts -g
configure:3254: gcc -c -g  conftest.c >&5
configure:3260: $? = 0
configure:3359: result: yes
configure:3376: checking for gcc option to accept ISO C89
configure:3450: gcc  -c -g -O2  conftest.c >&5
configure:3456: $? = 0
configure:3479: result: none needed
configure:3508: checking for style of include used by make
configure:3536: result: GNU
configure:3561: checking dependency style of gcc
configure:3652: result: gcc3
configure:3725: checking for g++
configure:3741: found /usr/bin/g++
configure:3752: result: g++
configure:3783: checking for C++ compiler version
configure:3790: g++ --version >&5
g++ (GCC) 4.2.3 (Debian 4.2.3-2)
Copyright (C) 2007 Free Software Foundation, Inc.
This is free software; see the source for copying conditions.  There is NO
warranty; not even for MERCHANTABILITY or FITNESS FOR A PARTICULAR PURPOSE.

configure:3793: $? = 0
configure:3800: g++ -v >&5
Using built-in specs.
Target: x86_64-linux-gnu
Configured with: ../src/configure -v --enable-languages=c,c++,fortran,objc,obj-c++,treelang --prefix=/usr --enable-shared --with-system-zlib --libexecdir=/usr/lib --without-included-gettext --enable-threads=posix --enable-nls --with-gxx-include-dir=/usr/include/c++/4.2 --program-suffix=-4.2 --enable-clocale=gnu --enable-libstdcxx-debug --enable-objc-gc --enable-mpfr --disable-libmudflap --enable-checking=release --build=x86_64-linux-gnu --host=x86_64-linux-gnu --target=x86_64-linux-gnu
Thread model: posix
gcc version 4.2.3 (Debian 4.2.3-2)
configure:3803: $? = 0
configure:3810: g++ -V >&5
g++: '-V' option must have argument
configure:3813: $? = 1
configure:3816: checking whether we are using the GNU C++ compiler
configure:3845: g++ -c   conftest.cpp >&5
configure:3851: $? = 0
configure:3868: result: yes
configure:3873: checking whether g++ accepts -g
configure:3903: g++ -c -g  conftest.cpp >&5
configure:3909: $? = 0
configure:4008: result: yes
configure:4033: checking dependency style of g++
configure:4124: result: gcc3
configure:4211: checking for a sed that does not truncate output
configure:4267: result: /bin/sed
configure:4270: checking for grep that handles long lines and -e
configure:4344: result: /bin/grep
configure:4349: checking for egrep
configure:4427: result: /bin/grep -E
configure:4443: checking for ld used by gcc
configure:4510: result: /usr/bin/ld
configure:4519: checking if the linker (/usr/bin/ld) is GNU ld
configure:4534: result: yes
configure:4539: checking for /usr/bin/ld option to reload object files
configure:4546: result: -r
configure:4564: checking for BSD-compatible nm
configure:4613: result: /usr/bin/nm -B
configure:4617: checking whether ln -s works
configure:4621: result: yes
configure:4628: checking how to recognize dependent libraries
configure:4814: result: pass_all
configure:4903: gcc -c -g -O2  conftest.c >&5
configure:4906: $? = 0
configure:5059: checking how to run the C preprocessor
configure:5099: gcc -E  conftest.c
configure:5105: $? = 0
configure:5136: gcc -E  conftest.c
conftest.c:10:28: error: ac_nonexistent.h: No such file or directory
configure:5142: $? = 1
configure: failed program was:
| /* confdefs.h.  */
| #define PACKAGE_NAME "libjingle"
| #define PACKAGE_TARNAME "libjingle"
| #define PACKAGE_VERSION "0.4.0"
| #define PACKAGE_STRING "libjingle 0.4.0"
| #define PACKAGE_BUGREPORT "google-talk-open@googlegroups.com"
| #define PACKAGE "libjingle"
| #define VERSION "0.4.0"
| /* end confdefs.h.  */
| #include <ac_nonexistent.h>
configure:5175: result: gcc -E
configure:5204: gcc -E  conftest.c
configure:5210: $? = 0
configure:5241: gcc -E  conftest.c
conftest.c:10:28: error: ac_nonexistent.h: No such file or directory
configure:5247: $? = 1
configure: failed program was:
| /* confdefs.h.  */
| #define PACKAGE_NAME "libjingle"
| #define PACKAGE_TARNAME "libjingle"
| #define PACKAGE_VERSION "0.4.0"
| #define PACKAGE_STRING "libjingle 0.4.0"
| #define PACKAGE_BUGREPORT "google-talk-open@googlegroups.com"
| #define PACKAGE "libjingle"
| #define VERSION "0.4.0"
| /* end confdefs.h.  */
| #include <ac_nonexistent.h>
configure:5285: checking for ANSI C header files
configure:5315: gcc -c -g -O2  conftest.c >&5
configure:5321: $? = 0
configure:5420: gcc -o conftest -g -O2   conftest.c  >&5
configure:5423: $? = 0
configure:5429: ./conftest
configure:5432: $? = 0
configure:5449: result: yes
configure:5473: checking for sys/types.h
configure:5494: gcc -c -g -O2  conftest.c >&5
configure:5500: $? = 0
configure:5516: result: yes
configure:5473: checking for sys/stat.h
configure:5494: gcc -c -g -O2  conftest.c >&5
configure:5500: $? = 0
configure:5516: result: yes
configure:5473: checking for stdlib.h
configure:5494: gcc -c -g -O2  conftest.c >&5
configure:5500: $? = 0
configure:5516: result: yes
configure:5473: checking for string.h
configure:5494: gcc -c -g -O2  conftest.c >&5
configure:5500: $? = 0
configure:5516: result: yes
configure:5473: checking for memory.h
configure:5494: gcc -c -g -O2  conftest.c >&5
configure:5500: $? = 0
configure:5516: result: yes
configure:5473: checking for strings.h
configure:5494: gcc -c -g -O2  conftest.c >&5
configure:5500: $? = 0
configure:5516: result: yes
configure:5473: checking for inttypes.h
configure:5494: gcc -c -g -O2  conftest.c >&5
configure:5500: $? = 0
configure:5516: result: yes
configure:5473: checking for stdint.h
configure:5494: gcc -c -g -O2  conftest.c >&5
configure:5500: $? = 0
configure:5516: result: yes
configure:5473: checking for unistd.h
configure:5494: gcc -c -g -O2  conftest.c >&5
configure:5500: $? = 0
configure:5516: result: yes
configure:5543: checking dlfcn.h usability
configure:5560: gcc -c -g -O2  conftest.c >&5
configure:5566: $? = 0
configure:5580: result: yes
configure:5584: checking dlfcn.h presence
configure:5599: gcc -E  conftest.c
configure:5605: $? = 0
configure:5619: result: yes
configure:5652: checking for dlfcn.h
configure:5660: result: yes
configure:5683: checking how to run the C++ preprocessor
configure:5719: g++ -E  conftest.cpp
configure:5725: $? = 0
configure:5756: g++ -E  conftest.cpp
conftest.cpp:21:28: error: ac_nonexistent.h: No such file or directory
configure:5762: $? = 1
configure: failed program was:
| /* confdefs.h.  */
| #define PACKAGE_NAME "libjingle"
| #define PACKAGE_TARNAME "libjingle"
| #define PACKAGE_VERSION "0.4.0"
| #define PACKAGE_STRING "libjingle 0.4.0"
| #define PACKAGE_BUGREPORT "google-talk-open@googlegroups.com"
| #define PACKAGE "libjingle"
| #define VERSION "0.4.0"
| #define STDC_HEADERS 1
| #define HAVE_SYS_TYPES_H 1
| #define HAVE_SYS_STAT_H 1
| #define HAVE_STDLIB_H 1
| #define HAVE_STRING_H 1
| #define HAVE_MEMORY_H 1
| #define HAVE_STRINGS_H 1
| #define HAVE_INTTYPES_H 1
| #define HAVE_STDINT_H 1
| #define HAVE_UNISTD_H 1
| #define HAVE_DLFCN_H 1
| /* end confdefs.h.  */
| #include <ac_nonexistent.h>
configure:5795: result: g++ -E
configure:5824: g++ -E  conftest.cpp
configure:5830: $? = 0
configure:5861: g++ -E  conftest.cpp
conftest.cpp:21:28: error: ac_nonexistent.h: No such file or directory
configure:5867: $? = 1
configure: failed program was:
| /* confdefs.h.  */
| #define PACKAGE_NAME "libjingle"
| #define PACKAGE_TARNAME "libjingle"
| #define PACKAGE_VERSION "0.4.0"
| #define PACKAGE_STRING "libjingle 0.4.0"
| #define PACKAGE_BUGREPORT "google-talk-open@googlegroups.com"
| #define PACKAGE "libjingle"
| #define VERSION "0.4.0"
| #define STDC_HEADERS 1
| #define HAVE_SYS_TYPES_H 1
| #define HAVE_SYS_STAT_H 1
| #define HAVE_STDLIB_H 1
| #define HAVE_STRING_H 1
| #define HAVE_MEMORY_H 1
| #define HAVE_STRINGS_H 1
| #define HAVE_INTTYPES_H 1
| #define HAVE_STDINT_H 1
| #define HAVE_UNISTD_H 1
| #define HAVE_DLFCN_H 1
| /* end confdefs.h.  */
| #include <ac_nonexistent.h>
configure:5960: checking for g77
configure:5990: result: no
configure:5960: checking for xlf
configure:5990: result: no
configure:5960: checking for f77
configure:5990: result: no
configure:5960: checking for frt
configure:5990: result: no
configure:5960: checking for pgf77
configure:5990: result: no
configure:5960: checking for cf77
configure:5990: result: no
configure:5960: checking for fort77
configure:5990: result: no
configure:5960: checking for fl32
configure:5990: result: no
configure:5960: checking for af77
configure:5990: result: no
configure:5960: checking for xlf90
configure:5990: result: no
configure:5960: checking for f90
configure:5990: result: no
configure:5960: checking for pgf90
configure:5990: result: no
configure:5960: checking for pghpf
configure:5990: result: no
configure:5960: checking for epcf90
configure:5990: result: no
configure:5960: checking for gfortran
configure:5976: found /usr/bin/gfortran
configure:5987: result: gfortran
configure:6017: checking for Fortran 77 compiler version
configure:6024: gfortran --version >&5
GNU Fortran (Debian 4.3.0-2) 4.3.1 20080321 (prerelease)
Copyright (C) 2008 Free Software Foundation, Inc.

GNU Fortran comes with NO WARRANTY, to the extent permitted by law.
You may redistribute copies of GNU Fortran
under the terms of the GNU General Public License.
For more information about these matters, see the file named COPYING

configure:6027: $? = 0
configure:6034: gfortran -v >&5
Using built-in specs.
Target: x86_64-linux-gnu
Configured with: ../src/configure linux gnu
Thread model: posix
gcc version 4.3.1 20080321 (prerelease) (Debian 4.3.0-2) 
configure:6037: $? = 0
configure:6044: gfortran -V >&5
gfortran: '-V' option must have argument
configure:6047: $? = 1
configure:6055: checking whether we are using the GNU Fortran 77 compiler
configure:6074: gfortran -c  conftest.F >&5
configure:6080: $? = 0
configure:6097: result: yes
configure:6103: checking whether gfortran accepts -g
configure:6120: gfortran -c -g conftest.f >&5
configure:6126: $? = 0
configure:6142: result: yes
configure:6171: checking the maximum length of command line arguments
configure:6283: result: 98304
configure:6295: checking command to parse /usr/bin/nm -B output from gcc object
configure:6400: gcc -c -g -O2  conftest.c >&5
configure:6403: $? = 0
configure:6407: /usr/bin/nm -B conftest.o \| sed -n -e 's/^.*[ 	]\([ABCDGIRSTW][ABCDGIRSTW]*\)[ 	][ 	]*\([_A-Za-z][_A-Za-z0-9]*\)$/\1 \2 \2/p' \> conftest.nm
configure:6410: $? = 0
configure:6462: gcc -o conftest -g -O2   conftest.c conftstm.o >&5
configure:6465: $? = 0
configure:6503: result: ok
configure:6507: checking for objdir
configure:6522: result: .libs
configure:6614: checking for ar
configure:6630: found /usr/bin/ar
configure:6641: result: ar
configure:6710: checking for ranlib
configure:6726: found /usr/bin/ranlib
configure:6737: result: ranlib
configure:6806: checking for strip
configure:6822: found /usr/bin/strip
configure:6833: result: strip
configure:7431: checking if gcc supports -fno-rtti -fno-exceptions
configure:7449: gcc -c -g -O2  -fno-rtti -fno-exceptions conftest.c >&5
cc1: warning: command line option "-fno-rtti" is valid for C++/ObjC++ but not for C
configure:7453: $? = 0
configure:7466: result: no
configure:7481: checking for gcc option to produce PIC
configure:7713: result: -fPIC
configure:7721: checking if gcc PIC flag -fPIC works
configure:7739: gcc -c -g -O2  -fPIC -DPIC conftest.c >&5
configure:7743: $? = 0
configure:7756: result: yes
configure:7784: checking if gcc static flag -static works
configure:7812: result: yes
configure:7822: checking if gcc supports -c -o file.o
configure:7843: gcc -c -g -O2  -o out/conftest2.o conftest.c >&5
configure:7847: $? = 0
configure:7869: result: yes
configure:7895: checking whether the gcc linker (/usr/bin/ld -m elf_x86_64) supports shared libraries
configure:8876: result: yes
configure:8897: checking whether -lc should be explicitly linked in
configure:8902: gcc -c -g -O2  conftest.c >&5
configure:8905: $? = 0
configure:8920: gcc -shared conftest.o  -v -Wl,-soname -Wl,conftest -o conftest 2\>\&1 \| grep  -lc  \>/dev/null 2\>\&1
configure:8923: $? = 0
configure:8935: result: no
configure:8943: checking dynamic linker characteristics
configure:9557: result: GNU/Linux ld.so
configure:9581: checking how to hardcode library paths into programs
configure:9606: result: immediate
configure:9620: checking whether stripping libraries is possible
configure:9625: result: yes
configure:10427: checking if libtool supports shared libraries
configure:10429: result: yes
configure:10432: checking whether to build shared libraries
configure:10453: result: yes
configure:10456: checking whether to build static libraries
configure:10460: result: yes
configure:10554: creating libtool
configure:11147: checking for ld used by g++
configure:11214: result: /usr/bin/ld -m elf_x86_64
configure:11223: checking if the linker (/usr/bin/ld -m elf_x86_64) is GNU ld
configure:11238: result: yes
configure:11289: checking whether the g++ linker (/usr/bin/ld -m elf_x86_64) supports shared libraries
configure:12235: result: yes
configure:12252: g++ -c -g -O2  conftest.cpp >&5
configure:12255: $? = 0
configure:12411: checking for g++ option to produce PIC
configure:12695: result: -fPIC
configure:12703: checking if g++ PIC flag -fPIC works
configure:12721: g++ -c -g -O2  -fPIC -DPIC conftest.cpp >&5
configure:12725: $? = 0
configure:12738: result: yes
configure:12766: checking if g++ static flag -static works
configure:12794: result: yes
configure:12804: checking if g++ supports -c -o file.o
configure:12825: g++ -c -g -O2  -o out/conftest2.o conftest.cpp >&5
configure:12829: $? = 0
configure:12851: result: yes
configure:12877: checking whether the g++ linker (/usr/bin/ld -m elf_x86_64) supports shared libraries
configure:12906: result: yes
configure:12973: checking dynamic linker characteristics
configure:13535: result: GNU/Linux ld.so
configure:13559: checking how to hardcode library paths into programs
configure:13584: result: immediate
configure:14123: checking if libtool supports shared libraries
configure:14125: result: yes
configure:14128: checking whether to build shared libraries
configure:14148: result: yes
configure:14151: checking whether to build static libraries
configure:14155: result: yes
configure:14165: checking for gfortran option to produce PIC
configure:14397: result: -fPIC
configure:14405: checking if gfortran PIC flag -fPIC works
configure:14423: gfortran -c -g -O2 -fPIC conftest.f >&5
configure:14427: $? = 0
configure:14440: result: yes
configure:14468: checking if gfortran static flag -static works
configure:14496: result: yes
configure:14506: checking if gfortran supports -c -o file.o
configure:14527: gfortran -c -g -O2 -o out/conftest2.o conftest.f >&5
configure:14531: $? = 0
configure:14553: result: yes
configure:14579: checking whether the gfortran linker (/usr/bin/ld -m elf_x86_64) supports shared libraries
configure:15540: result: yes
configure:15607: checking dynamic linker characteristics
configure:16169: result: GNU/Linux ld.so
configure:16193: checking how to hardcode library paths into programs
configure:16218: result: immediate
configure:19845: checking for a BSD-compatible install
configure:19901: result: /usr/bin/install -c
configure:19949: checking for XML_ParserCreate in -lexpat
configure:19984: gcc -o conftest -g -O2   conftest.c -lexpat   >&5
configure:19990: $? = 0
configure:20008: result: yes
configure:20069: checking alsa/asoundlib.h usability
configure:20086: gcc -c -g -O2  conftest.c >&5
configure:20092: $? = 0
configure:20106: result: yes
configure:20110: checking alsa/asoundlib.h presence
configure:20125: gcc -E  conftest.c
configure:20131: $? = 0
configure:20145: result: yes
configure:20178: checking for alsa/asoundlib.h
configure:20186: result: yes
configure:20194: checking for snd_pcm_open in -lasound
configure:20229: gcc -o conftest -g -O2   conftest.c -lasound   >&5
configure:20235: $? = 0
configure:20253: result: yes
configure:20320: checking for pkg-config
configure:20338: found /usr/bin/pkg-config
configure:20350: result: /usr/bin/pkg-config
configure:20379: checking pkg-config is at least version 0.9.0
configure:20382: result: yes
configure:20393: checking for GLIB
configure:20401: $PKG_CONFIG --exists --print-errors "glib-2.0 gmodule-2.0 gthread-2.0"
configure:20404: $? = 0
configure:20419: $PKG_CONFIG --exists --print-errors "glib-2.0 gmodule-2.0 gthread-2.0"
configure:20422: $? = 0
configure:20458: result: yes
configure:20478: checking for ORTP
configure:20486: $PKG_CONFIG --exists --print-errors "ortp >= 0.7.0"
configure:20489: $? = 0
configure:20504: $PKG_CONFIG --exists --print-errors "ortp >= 0.7.0"
configure:20507: $? = 0
configure:20543: result: yes
configure:20587: checking speex.h usability
configure:20604: gcc -c -g -O2  conftest.c >&5
conftest.c:66:19: error: speex.h: No such file or directory
configure:20610: $? = 1
configure: failed program was:
| /* confdefs.h.  */
| #define PACKAGE_NAME "libjingle"
| #define PACKAGE_TARNAME "libjingle"
| #define PACKAGE_VERSION "0.4.0"
| #define PACKAGE_STRING "libjingle 0.4.0"
| #define PACKAGE_BUGREPORT "google-talk-open@googlegroups.com"
| #define PACKAGE "libjingle"
| #define VERSION "0.4.0"
| #define STDC_HEADERS 1
| #define HAVE_SYS_TYPES_H 1
| #define HAVE_SYS_STAT_H 1
| #define HAVE_STDLIB_H 1
| #define HAVE_STRING_H 1
| #define HAVE_MEMORY_H 1
| #define HAVE_STRINGS_H 1
| #define HAVE_INTTYPES_H 1
| #define HAVE_STDINT_H 1
| #define HAVE_UNISTD_H 1
| #define HAVE_DLFCN_H 1
| #define PRODUCTION_BUILD 1
| #define PRODUCTION 1
| #define POSIX 1
| #define FEATURE_ENABLE_SSL 1
| #define FEATURE_ENABLE_CHAT_ARCHIVING 1
| #define FEATURE_ENABLE_VOICEMAIL 1
| #define LOGGING 1
| #define LINUX 1
| #define HAVE_ALSA_ASOUNDLIB_H 1
| #define __ALSA_ENABLED__ 1
| #define HAVE_GLIB 1
| #define HAVE_ORTP 1
| /* end confdefs.h.  */
| #include <stdio.h>
| #ifdef HAVE_SYS_TYPES_H
| # include <sys/types.h>
| #endif
| #ifdef HAVE_SYS_STAT_H
| # include <sys/stat.h>
| #endif
| #ifdef STDC_HEADERS
| # include <stdlib.h>
| # include <stddef.h>
| #else
| # ifdef HAVE_STDLIB_H
| #  include <stdlib.h>
| # endif
| #endif
| #ifdef HAVE_STRING_H
| # if !defined STDC_HEADERS && defined HAVE_MEMORY_H
| #  include <memory.h>
| # endif
| # include <string.h>
| #endif
| #ifdef HAVE_STRINGS_H
| # include <strings.h>
| #endif
| #ifdef HAVE_INTTYPES_H
| # include <inttypes.h>
| #endif
| #ifdef HAVE_STDINT_H
| # include <stdint.h>
| #endif
| #ifdef HAVE_UNISTD_H
| # include <unistd.h>
| #endif
| #include <speex.h>
configure:20624: result: no
configure:20628: checking speex.h presence
configure:20643: gcc -E  conftest.c
conftest.c:33:19: error: speex.h: No such file or directory
configure:20649: $? = 1
configure: failed program was:
| /* confdefs.h.  */
| #define PACKAGE_NAME "libjingle"
| #define PACKAGE_TARNAME "libjingle"
| #define PACKAGE_VERSION "0.4.0"
| #define PACKAGE_STRING "libjingle 0.4.0"
| #define PACKAGE_BUGREPORT "google-talk-open@googlegroups.com"
| #define PACKAGE "libjingle"
| #define VERSION "0.4.0"
| #define STDC_HEADERS 1
| #define HAVE_SYS_TYPES_H 1
| #define HAVE_SYS_STAT_H 1
| #define HAVE_STDLIB_H 1
| #define HAVE_STRING_H 1
| #define HAVE_MEMORY_H 1
| #define HAVE_STRINGS_H 1
| #define HAVE_INTTYPES_H 1
| #define HAVE_STDINT_H 1
| #define HAVE_UNISTD_H 1
| #define HAVE_DLFCN_H 1
| #define PRODUCTION_BUILD 1
| #define PRODUCTION 1
| #define POSIX 1
| #define FEATURE_ENABLE_SSL 1
| #define FEATURE_ENABLE_CHAT_ARCHIVING 1
| #define FEATURE_ENABLE_VOICEMAIL 1
| #define LOGGING 1
| #define LINUX 1
| #define HAVE_ALSA_ASOUNDLIB_H 1
| #define __ALSA_ENABLED__ 1
| #define HAVE_GLIB 1
| #define HAVE_ORTP 1
| /* end confdefs.h.  */
| #include <speex.h>
configure:20663: result: no
configure:20696: checking for speex.h
configure:20704: result: no
configure:20803: checking speex/speex.h usability
configure:20820: gcc -c -g -O2  conftest.c >&5
configure:20826: $? = 0
configure:20840: result: yes
configure:20844: checking speex/speex.h presence
configure:20859: gcc -E  conftest.c
configure:20865: $? = 0
configure:20879: result: yes
configure:20912: checking for speex/speex.h
configure:20920: result: yes
configure:20928: checking for speex_encode_int in -lspeex
configure:20963: gcc -o conftest -g -O2   conftest.c -lspeex   >&5
configure:20969: $? = 0
configure:20987: result: yes
configure:21060: checking iLBC_decode.h usability
configure:21077: gcc -c -g -O2  -I/usr/include/ilbc conftest.c >&5
conftest.c:68:25: error: iLBC_decode.h: No such file or directory
configure:21083: $? = 1
configure: failed program was:
| /* confdefs.h.  */
| #define PACKAGE_NAME "libjingle"
| #define PACKAGE_TARNAME "libjingle"
| #define PACKAGE_VERSION "0.4.0"
| #define PACKAGE_STRING "libjingle 0.4.0"
| #define PACKAGE_BUGREPORT "google-talk-open@googlegroups.com"
| #define PACKAGE "libjingle"
| #define VERSION "0.4.0"
| #define STDC_HEADERS 1
| #define HAVE_SYS_TYPES_H 1
| #define HAVE_SYS_STAT_H 1
| #define HAVE_STDLIB_H 1
| #define HAVE_STRING_H 1
| #define HAVE_MEMORY_H 1
| #define HAVE_STRINGS_H 1
| #define HAVE_INTTYPES_H 1
| #define HAVE_STDINT_H 1
| #define HAVE_UNISTD_H 1
| #define HAVE_DLFCN_H 1
| #define PRODUCTION_BUILD 1
| #define PRODUCTION 1
| #define POSIX 1
| #define FEATURE_ENABLE_SSL 1
| #define FEATURE_ENABLE_CHAT_ARCHIVING 1
| #define FEATURE_ENABLE_VOICEMAIL 1
| #define LOGGING 1
| #define LINUX 1
| #define HAVE_ALSA_ASOUNDLIB_H 1
| #define __ALSA_ENABLED__ 1
| #define HAVE_GLIB 1
| #define HAVE_ORTP 1
| #define HAVE_SPEEX_SPEEX_H 1
| #define HAVE_SPEEX 1
| /* end confdefs.h.  */
| #include <stdio.h>
| #ifdef HAVE_SYS_TYPES_H
| # include <sys/types.h>
| #endif
| #ifdef HAVE_SYS_STAT_H
| # include <sys/stat.h>
| #endif
| #ifdef STDC_HEADERS
| # include <stdlib.h>
| # include <stddef.h>
| #else
| # ifdef HAVE_STDLIB_H
| #  include <stdlib.h>
| # endif
| #endif
| #ifdef HAVE_STRING_H
| # if !defined STDC_HEADERS && defined HAVE_MEMORY_H
| #  include <memory.h>
| # endif
| # include <string.h>
| #endif
| #ifdef HAVE_STRINGS_H
| # include <strings.h>
| #endif
| #ifdef HAVE_INTTYPES_H
| # include <inttypes.h>
| #endif
| #ifdef HAVE_STDINT_H
| # include <stdint.h>
| #endif
| #ifdef HAVE_UNISTD_H
| # include <unistd.h>
| #endif
| #include <iLBC_decode.h>
configure:21097: result: no
configure:21101: checking iLBC_decode.h presence
configure:21116: gcc -E  -I/usr/include/ilbc conftest.c
conftest.c:35:25: error: iLBC_decode.h: No such file or directory
configure:21122: $? = 1
configure: failed program was:
| /* confdefs.h.  */
| #define PACKAGE_NAME "libjingle"
| #define PACKAGE_TARNAME "libjingle"
| #define PACKAGE_VERSION "0.4.0"
| #define PACKAGE_STRING "libjingle 0.4.0"
| #define PACKAGE_BUGREPORT "google-talk-open@googlegroups.com"
| #define PACKAGE "libjingle"
| #define VERSION "0.4.0"
| #define STDC_HEADERS 1
| #define HAVE_SYS_TYPES_H 1
| #define HAVE_SYS_STAT_H 1
| #define HAVE_STDLIB_H 1
| #define HAVE_STRING_H 1
| #define HAVE_MEMORY_H 1
| #define HAVE_STRINGS_H 1
| #define HAVE_INTTYPES_H 1
| #define HAVE_STDINT_H 1
| #define HAVE_UNISTD_H 1
| #define HAVE_DLFCN_H 1
| #define PRODUCTION_BUILD 1
| #define PRODUCTION 1
| #define POSIX 1
| #define FEATURE_ENABLE_SSL 1
| #define FEATURE_ENABLE_CHAT_ARCHIVING 1
| #define FEATURE_ENABLE_VOICEMAIL 1
| #define LOGGING 1
| #define LINUX 1
| #define HAVE_ALSA_ASOUNDLIB_H 1
| #define __ALSA_ENABLED__ 1
| #define HAVE_GLIB 1
| #define HAVE_ORTP 1
| #define HAVE_SPEEX_SPEEX_H 1
| #define HAVE_SPEEX 1
| /* end confdefs.h.  */
| #include <iLBC_decode.h>
configure:21136: result: no
configure:21169: checking for iLBC_decode.h
configure:21177: result: no
configure:21264: WARNING: Could not find ilbc headers or libs. Please install ilbc package from http://www.linphone.org if you want iLBC codec support in libjingle.
configure:21438: creating ./config.status

## ---------------------- ##
## Running config.status. ##
## ---------------------- ##

This file was extended by libjingle config.status 0.4.0, which was
generated by GNU Autoconf 2.61.  Invocation command line was

  CONFIG_FILES    = 
  CONFIG_HEADERS  = 
  CONFIG_LINKS    = 
  CONFIG_COMMANDS = 
  $ ./config.status 

on shannon

config.status:701: creating Makefile
config.status:701: creating talk/Makefile
config.status:701: creating talk/base/Makefile
config.status:701: creating talk/third_party/Makefile
config.status:701: creating talk/third_party/gips/Makefile
config.status:701: creating talk/examples/Makefile
config.status:701: creating talk/examples/login/Makefile
config.status:701: creating talk/examples/call/Makefile
config.status:701: creating talk/examples/pcp/Makefile
config.status:701: creating talk/p2p/Makefile
config.status:701: creating talk/p2p/base/Makefile
config.status:701: creating talk/p2p/client/Makefile
config.status:701: creating talk/session/Makefile
config.status:701: creating talk/session/fileshare/Makefile
config.status:701: creating talk/session/tunnel/Makefile
config.status:701: creating talk/session/phone/Makefile
config.status:701: creating talk/xmllite/Makefile
config.status:701: creating talk/xmpp/Makefile
config.status:701: creating config.h
config.status:989: executing depfiles commands

## ---------------- ##
## Cache variables. ##
## ---------------- ##

ac_cv_build=x86_64-unknown-linux-gnu
ac_cv_c_compiler_gnu=yes
ac_cv_cxx_compiler_gnu=yes
ac_cv_env_CCC_set=
ac_cv_env_CCC_value=
ac_cv_env_CC_set=
ac_cv_env_CC_value=
ac_cv_env_CFLAGS_set=
ac_cv_env_CFLAGS_value=
ac_cv_env_CPPFLAGS_set=
ac_cv_env_CPPFLAGS_value=
ac_cv_env_CPP_set=
ac_cv_env_CPP_value=
ac_cv_env_CXXCPP_set=
ac_cv_env_CXXCPP_value=
ac_cv_env_CXXFLAGS_set=
ac_cv_env_CXXFLAGS_value=
ac_cv_env_CXX_set=
ac_cv_env_CXX_value=
ac_cv_env_F77_set=
ac_cv_env_F77_value=
ac_cv_env_FFLAGS_set=
ac_cv_env_FFLAGS_value=
ac_cv_env_GLIB_CFLAGS_set=
ac_cv_env_GLIB_CFLAGS_value=
ac_cv_env_GLIB_LIBS_set=
ac_cv_env_GLIB_LIBS_value=
ac_cv_env_LDFLAGS_set=
ac_cv_env_LDFLAGS_value=
ac_cv_env_LIBS_set=
ac_cv_env_LIBS_value=
ac_cv_env_ORTP_CFLAGS_set=
ac_cv_env_ORTP_CFLAGS_value=
ac_cv_env_ORTP_LIBS_set=
ac_cv_env_ORTP_LIBS_value=
ac_cv_env_PKG_CONFIG_set=
ac_cv_env_PKG_CONFIG_value=
ac_cv_env_build_alias_set=
ac_cv_env_build_alias_value=
ac_cv_env_host_alias_set=
ac_cv_env_host_alias_value=
ac_cv_env_target_alias_set=
ac_cv_env_target_alias_value=
ac_cv_f77_compiler_gnu=yes
ac_cv_header_alsa_asoundlib_h=yes
ac_cv_header_dlfcn_h=yes
ac_cv_header_iLBC_decode_h=no
ac_cv_header_inttypes_h=yes
ac_cv_header_memory_h=yes
ac_cv_header_speex_h=no
ac_cv_header_speex_speex_h=yes
ac_cv_header_stdc=yes
ac_cv_header_stdint_h=yes
ac_cv_header_stdlib_h=yes
ac_cv_header_string_h=yes
ac_cv_header_strings_h=yes
ac_cv_header_sys_stat_h=yes
ac_cv_header_sys_types_h=yes
ac_cv_header_unistd_h=yes
ac_cv_host=x86_64-unknown-linux-gnu
ac_cv_lib_asound_snd_pcm_open=yes
ac_cv_lib_expat_XML_ParserCreate=yes
ac_cv_lib_speex_speex_encode_int=yes
ac_cv_objext=o
ac_cv_path_EGREP='/bin/grep -E'
ac_cv_path_GREP=/bin/grep
ac_cv_path_ac_pt_PKG_CONFIG=/usr/bin/pkg-config
ac_cv_path_install='/usr/bin/install -c'
ac_cv_path_mkdir=/bin/mkdir
ac_cv_prog_AWK=gawk
ac_cv_prog_CPP='gcc -E'
ac_cv_prog_CXXCPP='g++ -E'
ac_cv_prog_ac_ct_AR=ar
ac_cv_prog_ac_ct_CC=gcc
ac_cv_prog_ac_ct_CXX=g++
ac_cv_prog_ac_ct_F77=gfortran
ac_cv_prog_ac_ct_RANLIB=ranlib
ac_cv_prog_ac_ct_STRIP=strip
ac_cv_prog_cc_c89=
ac_cv_prog_cc_g=yes
ac_cv_prog_cxx_g=yes
ac_cv_prog_f77_g=yes
ac_cv_prog_make_make_set=yes
ac_cv_target=x86_64-unknown-linux-gnu
am_cv_CC_dependencies_compiler_type=gcc3
am_cv_CXX_dependencies_compiler_type=gcc3
lt_cv_deplibs_check_method=pass_all
lt_cv_file_magic_cmd='$MAGIC_CMD'
lt_cv_file_magic_test_file=
lt_cv_ld_reload_flag=-r
lt_cv_objdir=.libs
lt_cv_path_LD=/usr/bin/ld
lt_cv_path_LDCXX='/usr/bin/ld -m elf_x86_64'
lt_cv_path_NM='/usr/bin/nm -B'
lt_cv_path_SED=/bin/sed
lt_cv_prog_compiler_c_o=yes
lt_cv_prog_compiler_c_o_CXX=yes
lt_cv_prog_compiler_c_o_F77=yes
lt_cv_prog_compiler_pic_works=yes
lt_cv_prog_compiler_pic_works_CXX=yes
lt_cv_prog_compiler_pic_works_F77=yes
lt_cv_prog_compiler_rtti_exceptions=no
lt_cv_prog_compiler_static_works=yes
lt_cv_prog_compiler_static_works_CXX=yes
lt_cv_prog_compiler_static_works_F77=yes
lt_cv_prog_gnu_ld=yes
lt_cv_prog_gnu_ldcxx=yes
lt_cv_sys_global_symbol_pipe='sed -n -e '\''s/^.*[ 	]\([ABCDGIRSTW][ABCDGIRSTW]*\)[ 	][ 	]*\([_A-Za-z][_A-Za-z0-9]*\)$/\1 \2 \2/p'\'''
lt_cv_sys_global_symbol_to_c_name_address='sed -n -e '\''s/^: \([^ ]*\) $/  {\"\1\", (lt_ptr) 0},/p'\'' -e '\''s/^[BCDEGRST] \([^ ]*\) \([^ ]*\)$/  {"\2", (lt_ptr) \&\2},/p'\'''
lt_cv_sys_global_symbol_to_cdecl='sed -n -e '\''s/^. .* \(.*\)$/extern int \1;/p'\'''
lt_cv_sys_lib_dlsearch_path_spec='/lib /usr/lib /usr/local/lib /lib/x86_64-linux-gnu /usr/lib/x86_64-linux-gnu '
lt_cv_sys_lib_search_path_spec='/usr/lib/gcc/x86_64-linux-gnu/4.2.3 /usr/lib /lib'
lt_cv_sys_max_cmd_len=98304
lt_lt_cv_prog_compiler_c_o='"yes"'
lt_lt_cv_prog_compiler_c_o_CXX='"yes"'
lt_lt_cv_prog_compiler_c_o_F77='"yes"'
lt_lt_cv_sys_global_symbol_pipe='"sed -n -e '\''s/^.*[ 	]\\([ABCDGIRSTW][ABCDGIRSTW]*\\)[ 	][ 	]*\\([_A-Za-z][_A-Za-z0-9]*\\)\$/\\1 \\2 \\2/p'\''"'
lt_lt_cv_sys_global_symbol_to_c_name_address='"sed -n -e '\''s/^: \\([^ ]*\\) \$/  {\\\"\\1\\\", (lt_ptr) 0},/p'\'' -e '\''s/^[BCDEGRST] \\([^ ]*\\) \\([^ ]*\\)\$/  {\"\\2\", (lt_ptr) \\&\\2},/p'\''"'
lt_lt_cv_sys_global_symbol_to_cdecl='"sed -n -e '\''s/^. .* \\(.*\\)\$/extern int \\1;/p'\''"'
pkg_cv_GLIB_CFLAGS='-pthread -I/usr/include/glib-2.0 -I/usr/lib/glib-2.0/include  '
pkg_cv_GLIB_LIBS='-Wl,--export-dynamic -pthread -lgmodule-2.0 -ldl -lgthread-2.0 -lrt -lglib-2.0  '
pkg_cv_ORTP_CFLAGS='-D_REENTRANT -DORTP_INET6  '
pkg_cv_ORTP_LIBS='-lortp -lpthread  '

## ----------------- ##
## Output variables. ##
## ----------------- ##

ACLOCAL='${SHELL} /home/vu3rdd/src/jingle/unshackle/libjingle/missing --run aclocal-1.10'
ALSA_LIBS='-lasound'
AMDEPBACKSLASH='\'
AMDEP_FALSE='#'
AMDEP_TRUE=''
AMTAR='${SHELL} /home/vu3rdd/src/jingle/unshackle/libjingle/missing --run tar'
AR='ar'
AUTOCONF='${SHELL} /home/vu3rdd/src/jingle/unshackle/libjingle/missing --run autoconf'
AUTOHEADER='${SHELL} /home/vu3rdd/src/jingle/unshackle/libjingle/missing --run autoheader'
AUTOMAKE='${SHELL} /home/vu3rdd/src/jingle/unshackle/libjingle/missing --run automake-1.10'
AWK='gawk'
CC='gcc'
CCDEPMODE='depmode=gcc3'
CFLAGS='-g -O2'
CPP='gcc -E'
CPPFLAGS=' -I/usr/include -I/usr/include/speex'
CXX='g++'
CXXCPP='g++ -E'
CXXDEPMODE='depmode=gcc3'
CXXFLAGS='-g -O2'
CYGPATH_W='echo'
DEFS='-DHAVE_CONFIG_H'
DEPDIR='.deps'
DSYMUTIL=''
ECHO='echo'
ECHO_C=''
ECHO_N='-n'
ECHO_T=''
EGREP='/bin/grep -E'
EXEEXT=''
EXPAT_LIBS='-lexpat'
F77='gfortran'
FFLAGS='-g -O2'
GIPS_FALSE=''
GIPS_TRUE='#'
GLIB_CFLAGS='-pthread -I/usr/include/glib-2.0 -I/usr/lib/glib-2.0/include  '
GLIB_LIBS='-Wl,--export-dynamic -pthread -lgmodule-2.0 -ldl -lgthread-2.0 -lrt -lglib-2.0  '
GREP='/bin/grep'
ILBC_CFLAGS=''
ILBC_LIBS=''
INSTALL_DATA='${INSTALL} -m 644'
INSTALL_PROGRAM='${INSTALL}'
INSTALL_SCRIPT='${INSTALL}'
INSTALL_STRIP_PROGRAM='$(install_sh) -c -s'
LDFLAGS='-L/usr/lib -L/usr/speex/lib -lspeex -lspeexdsp -lm'
LIBOBJS=''
LIBS=''
LIBTOOL='$(SHELL) $(top_builddir)/libtool --silent'
LN_S='ln -s'
LTLIBOBJS=''
MAKEINFO='${SHELL} /home/vu3rdd/src/jingle/unshackle/libjingle/missing --run makeinfo'
MEDIA_LIBS='-lmediastreamer -lasound'
NMEDIT=''
OBJEXT='o'
ORTP_CFLAGS='-D_REENTRANT -DORTP_INET6  '
ORTP_LIBS='-lortp -lpthread  '
PACKAGE='libjingle'
PACKAGE_BUGREPORT='google-talk-open@googlegroups.com'
PACKAGE_NAME='libjingle'
PACKAGE_STRING='libjingle 0.4.0'
PACKAGE_TARNAME='libjingle'
PACKAGE_VERSION='0.4.0'
PATH_SEPARATOR=':'
PHONE_FALSE='#'
PHONE_TRUE=''
PKG_CONFIG='/usr/bin/pkg-config'
RANLIB='ranlib'
SED='/bin/sed'
SET_MAKE=''
SHELL='/bin/sh'
SPEEX_CFLAGS=' -I/usr/include -I/usr/include/speex'
SPEEX_LIBS='-L/usr/lib -L/usr/speex/lib -lspeex -lspeexdsp -lm'
STRIP='strip'
VERSION='0.4.0'
ac_ct_CC='gcc'
ac_ct_CXX='g++'
ac_ct_F77='gfortran'
am__fastdepCC_FALSE='#'
am__fastdepCC_TRUE=''
am__fastdepCXX_FALSE='#'
am__fastdepCXX_TRUE=''
am__include='include'
am__isrc=''
am__leading_dot='.'
am__quote=''
am__tar='${AMTAR} chof - "$$tardir"'
am__untar='${AMTAR} xf -'
bindir='${exec_prefix}/bin'
build='x86_64-unknown-linux-gnu'
build_alias=''
build_cpu='x86_64'
build_os='linux-gnu'
build_vendor='unknown'
datadir='${datarootdir}'
datarootdir='${prefix}/share'
docdir='${datarootdir}/doc/${PACKAGE_TARNAME}'
dvidir='${docdir}'
exec_prefix='${prefix}'
host='x86_64-unknown-linux-gnu'
host_alias=''
host_cpu='x86_64'
host_os='linux-gnu'
host_vendor='unknown'
htmldir='${docdir}'
includedir='${prefix}/include'
infodir='${datarootdir}/info'
install_sh='$(SHELL) /home/vu3rdd/src/jingle/unshackle/libjingle/install-sh'
libdir='${exec_prefix}/lib'
libexecdir='${exec_prefix}/libexec'
localedir='${datarootdir}/locale'
localstatedir='${prefix}/var'
mandir='${datarootdir}/man'
mkdir_p='/bin/mkdir -p'
oldincludedir='/usr/include'
pdfdir='${docdir}'
prefix='/usr/local'
program_transform_name='s,x,x,'
psdir='${docdir}'
sbindir='${exec_prefix}/sbin'
sharedstatedir='${prefix}/com'
sysconfdir='${prefix}/etc'
target='x86_64-unknown-linux-gnu'
target_alias=''
target_cpu='x86_64'
target_os='linux-gnu'
target_vendor='unknown'

## ----------- ##
## confdefs.h. ##
## ----------- ##

#define PACKAGE_NAME "libjingle"
#define PACKAGE_TARNAME "libjingle"
#define PACKAGE_VERSION "0.4.0"
#define PACKAGE_STRING "libjingle 0.4.0"
#define PACKAGE_BUGREPORT "google-talk-open@googlegroups.com"
#define PACKAGE "libjingle"
#define VERSION "0.4.0"
#define STDC_HEADERS 1
#define HAVE_SYS_TYPES_H 1
#define HAVE_SYS_STAT_H 1
#define HAVE_STDLIB_H 1
#define HAVE_STRING_H 1
#define HAVE_MEMORY_H 1
#define HAVE_STRINGS_H 1
#define HAVE_INTTYPES_H 1
#define HAVE_STDINT_H 1
#define HAVE_UNISTD_H 1
#define HAVE_DLFCN_H 1
#define PRODUCTION_BUILD 1
#define PRODUCTION 1
#define POSIX 1
#define FEATURE_ENABLE_SSL 1
#define FEATURE_ENABLE_CHAT_ARCHIVING 1
#define FEATURE_ENABLE_VOICEMAIL 1
#define LOGGING 1
#define LINUX 1
#define HAVE_ALSA_ASOUNDLIB_H 1
#define __ALSA_ENABLED__ 1
#define HAVE_GLIB 1
#define HAVE_ORTP 1
#define HAVE_SPEEX_SPEEX_H 1
#define HAVE_SPEEX 1

configure: exit 0

## ---------------------- ##
## Running config.status. ##
## ---------------------- ##

This file was extended by libjingle config.status 0.4.0, which was
generated by GNU Autoconf 2.61.  Invocation command line was

  CONFIG_FILES    = 
  CONFIG_HEADERS  = 
  CONFIG_LINKS    = 
  CONFIG_COMMANDS = 
  $ ./config.status config.h

on shannon

config.status:701: creating config.h
config.status:942: config.h is unchanged
