This file contains any messages produced by compilers while
running configure, to aid debugging if configure makes a mistake.

It was created by configure, which was
generated by GNU Autoconf 2.59.  Invocation command line was

  $ ./configure 

## --------- ##
## Platform. ##
## --------- ##

hostname = shannon
uname -m = x86_64
uname -r = 2.6.25
uname -s = Linux
uname -v = #1 SMP PREEMPT Thu Apr 24 17:09:55 SGT 2008

/usr/bin/uname -p = unknown
/bin/uname -X     = unknown

/bin/arch              = unknown
/usr/bin/arch -k       = unknown
/usr/convex/getsysinfo = unknown
hostinfo               = unknown
/bin/machine           = unknown
/usr/bin/oslevel       = unknown
/bin/universe          = unknown

PATH: /usr/local/sbin
PATH: /usr/local/bin
PATH: /usr/sbin
PATH: /usr/bin
PATH: /sbin
PATH: /bin
PATH: /usr/bin/X11


## ----------- ##
## Core tests. ##
## ----------- ##

configure:1556: checking build system type
configure:1574: result: x86_64-unknown-linux-gnu
configure:1582: checking host system type
configure:1596: result: x86_64-unknown-linux-gnu
configure:1604: checking target system type
configure:1618: result: x86_64-unknown-linux-gnu
configure:1661: checking for a BSD-compatible install
configure:1716: result: /usr/bin/install -c
configure:1727: checking whether build environment is sane
configure:1770: result: yes
configure:1827: checking for gawk
configure:1843: found /usr/bin/gawk
configure:1853: result: gawk
configure:1863: checking whether make sets $(MAKE)
configure:1883: result: yes
configure:2061: checking warning make an error on compilation
configure:2072: result: yes
configure:2222: checking for gcc
configure:2238: found /usr/bin/gcc
configure:2248: result: gcc
configure:2492: checking for C compiler version
configure:2495: gcc --version </dev/null >&5
gcc (GCC) 4.2.3 (Debian 4.2.3-2)
Copyright (C) 2007 Free Software Foundation, Inc.
This is free software; see the source for copying conditions.  There is NO
warranty; not even for MERCHANTABILITY or FITNESS FOR A PARTICULAR PURPOSE.

configure:2498: $? = 0
configure:2500: gcc -v </dev/null >&5
Using built-in specs.
Target: x86_64-linux-gnu
Configured with: ../src/configure -v --enable-languages=c,c++,fortran,objc,obj-c++,treelang --prefix=/usr --enable-shared --with-system-zlib --libexecdir=/usr/lib --without-included-gettext --enable-threads=posix --enable-nls --with-gxx-include-dir=/usr/include/c++/4.2 --program-suffix=-4.2 --enable-clocale=gnu --enable-libstdcxx-debug --enable-objc-gc --enable-mpfr --disable-libmudflap --enable-checking=release --build=x86_64-linux-gnu --host=x86_64-linux-gnu --target=x86_64-linux-gnu
Thread model: posix
gcc version 4.2.3 (Debian 4.2.3-2)
configure:2503: $? = 0
configure:2505: gcc -V </dev/null >&5
gcc: '-V' option must have argument
configure:2508: $? = 1
configure:2531: checking for C compiler default output file name
configure:2534: gcc    conftest.c  >&5
configure:2537: $? = 0
configure:2583: result: a.out
configure:2588: checking whether the C compiler works
configure:2594: ./a.out
configure:2597: $? = 0
configure:2614: result: yes
configure:2621: checking whether we are cross compiling
configure:2623: result: no
configure:2626: checking for suffix of executables
configure:2628: gcc -o conftest    conftest.c  >&5
configure:2631: $? = 0
configure:2656: result: 
configure:2662: checking for suffix of object files
configure:2683: gcc -c   conftest.c >&5
configure:2686: $? = 0
configure:2708: result: o
configure:2712: checking whether we are using the GNU C compiler
configure:2736: gcc -c   conftest.c >&5
configure:2742: $? = 0
configure:2745: test -z 			 || test ! -s conftest.err
configure:2748: $? = 0
configure:2751: test -s conftest.o
configure:2754: $? = 0
configure:2767: result: yes
configure:2773: checking whether gcc accepts -g
configure:2794: gcc -c -g  conftest.c >&5
configure:2800: $? = 0
configure:2803: test -z 			 || test ! -s conftest.err
configure:2806: $? = 0
configure:2809: test -s conftest.o
configure:2812: $? = 0
configure:2823: result: yes
configure:2840: checking for gcc option to accept ANSI C
configure:2910: gcc  -c -g -O2  conftest.c >&5
configure:2916: $? = 0
configure:2919: test -z 			 || test ! -s conftest.err
configure:2922: $? = 0
configure:2925: test -s conftest.o
configure:2928: $? = 0
configure:2946: result: none needed
configure:2964: gcc -c -g -O2  conftest.c >&5
conftest.c:2: error: expected '=', ',', ';', 'asm' or '__attribute__' before 'me'
configure:2970: $? = 1
configure: failed program was:
| #ifndef __cplusplus
|   choke me
| #endif
configure:3111: checking for style of include used by make
configure:3139: result: GNU
configure:3167: checking dependency style of gcc
configure:3257: result: gcc3
configure:3346: checking for a sed that does not truncate output
configure:3400: result: /bin/sed
configure:3403: checking for egrep
configure:3413: result: grep -E
configure:3429: checking for ld used by gcc
configure:3496: result: /usr/bin/ld
configure:3505: checking if the linker (/usr/bin/ld) is GNU ld
configure:3520: result: yes
configure:3525: checking for /usr/bin/ld option to reload object files
configure:3532: result: -r
configure:3541: checking for BSD-compatible nm
configure:3583: result: /usr/bin/nm -B
configure:3587: checking whether ln -s works
configure:3591: result: yes
configure:3598: checking how to recognise dependent libraries
configure:3772: result: pass_all
configure:3857: gcc -c -g -O2  conftest.c >&5
configure:3860: $? = 0
configure:3985: checking how to run the C preprocessor
configure:4020: gcc -E  conftest.c
configure:4026: $? = 0
configure:4058: gcc -E  conftest.c
conftest.c:14:28: error: ac_nonexistent.h: No such file or directory
configure:4064: $? = 1
configure: failed program was:
| /* confdefs.h.  */
| 
| #define PACKAGE_NAME ""
| #define PACKAGE_TARNAME ""
| #define PACKAGE_VERSION ""
| #define PACKAGE_STRING ""
| #define PACKAGE_BUGREPORT ""
| #define ORTP_MAJOR_VERSION 0
| #define ORTP_MINOR_VERSION 7
| #define ORTP_MICRO_VERSION 1
| #define ORTP_VERSION "0.7.1"
| #define INET6 1
| /* end confdefs.h.  */
| #include <ac_nonexistent.h>
configure:4103: result: gcc -E
configure:4127: gcc -E  conftest.c
configure:4133: $? = 0
configure:4165: gcc -E  conftest.c
conftest.c:14:28: error: ac_nonexistent.h: No such file or directory
configure:4171: $? = 1
configure: failed program was:
| /* confdefs.h.  */
| 
| #define PACKAGE_NAME ""
| #define PACKAGE_TARNAME ""
| #define PACKAGE_VERSION ""
| #define PACKAGE_STRING ""
| #define PACKAGE_BUGREPORT ""
| #define ORTP_MAJOR_VERSION 0
| #define ORTP_MINOR_VERSION 7
| #define ORTP_MICRO_VERSION 1
| #define ORTP_VERSION "0.7.1"
| #define INET6 1
| /* end confdefs.h.  */
| #include <ac_nonexistent.h>
configure:4215: checking for ANSI C header files
configure:4240: gcc -c -g -O2  conftest.c >&5
configure:4246: $? = 0
configure:4249: test -z 			 || test ! -s conftest.err
configure:4252: $? = 0
configure:4255: test -s conftest.o
configure:4258: $? = 0
configure:4347: gcc -o conftest -g -O2   conftest.c  >&5
conftest.c: In function 'main':
conftest.c:31: warning: incompatible implicit declaration of built-in function 'exit'
configure:4350: $? = 0
configure:4352: ./conftest
configure:4355: $? = 0
configure:4370: result: yes
configure:4394: checking for sys/types.h
configure:4410: gcc -c -g -O2  conftest.c >&5
configure:4416: $? = 0
configure:4419: test -z 			 || test ! -s conftest.err
configure:4422: $? = 0
configure:4425: test -s conftest.o
configure:4428: $? = 0
configure:4439: result: yes
configure:4394: checking for sys/stat.h
configure:4410: gcc -c -g -O2  conftest.c >&5
configure:4416: $? = 0
configure:4419: test -z 			 || test ! -s conftest.err
configure:4422: $? = 0
configure:4425: test -s conftest.o
configure:4428: $? = 0
configure:4439: result: yes
configure:4394: checking for stdlib.h
configure:4410: gcc -c -g -O2  conftest.c >&5
configure:4416: $? = 0
configure:4419: test -z 			 || test ! -s conftest.err
configure:4422: $? = 0
configure:4425: test -s conftest.o
configure:4428: $? = 0
configure:4439: result: yes
configure:4394: checking for string.h
configure:4410: gcc -c -g -O2  conftest.c >&5
configure:4416: $? = 0
configure:4419: test -z 			 || test ! -s conftest.err
configure:4422: $? = 0
configure:4425: test -s conftest.o
configure:4428: $? = 0
configure:4439: result: yes
configure:4394: checking for memory.h
configure:4410: gcc -c -g -O2  conftest.c >&5
configure:4416: $? = 0
configure:4419: test -z 			 || test ! -s conftest.err
configure:4422: $? = 0
configure:4425: test -s conftest.o
configure:4428: $? = 0
configure:4439: result: yes
configure:4394: checking for strings.h
configure:4410: gcc -c -g -O2  conftest.c >&5
configure:4416: $? = 0
configure:4419: test -z 			 || test ! -s conftest.err
configure:4422: $? = 0
configure:4425: test -s conftest.o
configure:4428: $? = 0
configure:4439: result: yes
configure:4394: checking for inttypes.h
configure:4410: gcc -c -g -O2  conftest.c >&5
configure:4416: $? = 0
configure:4419: test -z 			 || test ! -s conftest.err
configure:4422: $? = 0
configure:4425: test -s conftest.o
configure:4428: $? = 0
configure:4439: result: yes
configure:4394: checking for stdint.h
configure:4410: gcc -c -g -O2  conftest.c >&5
configure:4416: $? = 0
configure:4419: test -z 			 || test ! -s conftest.err
configure:4422: $? = 0
configure:4425: test -s conftest.o
configure:4428: $? = 0
configure:4439: result: yes
configure:4394: checking for unistd.h
configure:4410: gcc -c -g -O2  conftest.c >&5
configure:4416: $? = 0
configure:4419: test -z 			 || test ! -s conftest.err
configure:4422: $? = 0
configure:4425: test -s conftest.o
configure:4428: $? = 0
configure:4439: result: yes
configure:4465: checking dlfcn.h usability
configure:4477: gcc -c -g -O2  conftest.c >&5
configure:4483: $? = 0
configure:4486: test -z 			 || test ! -s conftest.err
configure:4489: $? = 0
configure:4492: test -s conftest.o
configure:4495: $? = 0
configure:4505: result: yes
configure:4509: checking dlfcn.h presence
configure:4519: gcc -E  conftest.c
configure:4525: $? = 0
configure:4545: result: yes
configure:4580: checking for dlfcn.h
configure:4587: result: yes
configure:4652: checking for g++
configure:4668: found /usr/bin/g++
configure:4678: result: g++
configure:4694: checking for C++ compiler version
configure:4697: g++ --version </dev/null >&5
g++ (GCC) 4.2.3 (Debian 4.2.3-2)
Copyright (C) 2007 Free Software Foundation, Inc.
This is free software; see the source for copying conditions.  There is NO
warranty; not even for MERCHANTABILITY or FITNESS FOR A PARTICULAR PURPOSE.

configure:4700: $? = 0
configure:4702: g++ -v </dev/null >&5
Using built-in specs.
Target: x86_64-linux-gnu
Configured with: ../src/configure -v --enable-languages=c,c++,fortran,objc,obj-c++,treelang --prefix=/usr --enable-shared --with-system-zlib --libexecdir=/usr/lib --without-included-gettext --enable-threads=posix --enable-nls --with-gxx-include-dir=/usr/include/c++/4.2 --program-suffix=-4.2 --enable-clocale=gnu --enable-libstdcxx-debug --enable-objc-gc --enable-mpfr --disable-libmudflap --enable-checking=release --build=x86_64-linux-gnu --host=x86_64-linux-gnu --target=x86_64-linux-gnu
Thread model: posix
gcc version 4.2.3 (Debian 4.2.3-2)
configure:4705: $? = 0
configure:4707: g++ -V </dev/null >&5
g++: '-V' option must have argument
configure:4710: $? = 1
configure:4713: checking whether we are using the GNU C++ compiler
configure:4737: g++ -c   conftest.cc >&5
configure:4743: $? = 0
configure:4746: test -z 			 || test ! -s conftest.err
configure:4749: $? = 0
configure:4752: test -s conftest.o
configure:4755: $? = 0
configure:4768: result: yes
configure:4774: checking whether g++ accepts -g
configure:4795: g++ -c -g  conftest.cc >&5
configure:4801: $? = 0
configure:4804: test -z 			 || test ! -s conftest.err
configure:4807: $? = 0
configure:4810: test -s conftest.o
configure:4813: $? = 0
configure:4824: result: yes
configure:4866: g++ -c -g -O2  conftest.cc >&5
configure:4872: $? = 0
configure:4875: test -z 			 || test ! -s conftest.err
configure:4878: $? = 0
configure:4881: test -s conftest.o
configure:4884: $? = 0
configure:4910: g++ -c -g -O2  conftest.cc >&5
conftest.cc: In function 'int main()':
conftest.cc:29: error: 'exit' was not declared in this scope
configure:4916: $? = 1
configure: failed program was:
| /* confdefs.h.  */
| 
| #define PACKAGE_NAME ""
| #define PACKAGE_TARNAME ""
| #define PACKAGE_VERSION ""
| #define PACKAGE_STRING ""
| #define PACKAGE_BUGREPORT ""
| #define ORTP_MAJOR_VERSION 0
| #define ORTP_MINOR_VERSION 7
| #define ORTP_MICRO_VERSION 1
| #define ORTP_VERSION "0.7.1"
| #define INET6 1
| #define STDC_HEADERS 1
| #define HAVE_SYS_TYPES_H 1
| #define HAVE_SYS_STAT_H 1
| #define HAVE_STDLIB_H 1
| #define HAVE_STRING_H 1
| #define HAVE_MEMORY_H 1
| #define HAVE_STRINGS_H 1
| #define HAVE_INTTYPES_H 1
| #define HAVE_STDINT_H 1
| #define HAVE_UNISTD_H 1
| #define HAVE_DLFCN_H 1
| /* end confdefs.h.  */
| 
| int
| main ()
| {
| exit (42);
|   ;
|   return 0;
| }
configure:4866: g++ -c -g -O2  conftest.cc >&5
conftest.cc:25: error: 'void std::exit(int)' should have been declared inside 'std'
configure:4872: $? = 1
configure: failed program was:
| /* confdefs.h.  */
| 
| #define PACKAGE_NAME ""
| #define PACKAGE_TARNAME ""
| #define PACKAGE_VERSION ""
| #define PACKAGE_STRING ""
| #define PACKAGE_BUGREPORT ""
| #define ORTP_MAJOR_VERSION 0
| #define ORTP_MINOR_VERSION 7
| #define ORTP_MICRO_VERSION 1
| #define ORTP_VERSION "0.7.1"
| #define INET6 1
| #define STDC_HEADERS 1
| #define HAVE_SYS_TYPES_H 1
| #define HAVE_SYS_STAT_H 1
| #define HAVE_STDLIB_H 1
| #define HAVE_STRING_H 1
| #define HAVE_MEMORY_H 1
| #define HAVE_STRINGS_H 1
| #define HAVE_INTTYPES_H 1
| #define HAVE_STDINT_H 1
| #define HAVE_UNISTD_H 1
| #define HAVE_DLFCN_H 1
| /* end confdefs.h.  */
| extern "C" void std::exit (int) throw (); using std::exit;
| #include <stdlib.h>
| int
| main ()
| {
| exit (42);
|   ;
|   return 0;
| }
configure:4866: g++ -c -g -O2  conftest.cc >&5
conftest.cc:25: error: 'void std::exit(int)' should have been declared inside 'std'
In file included from conftest.cc:26:
/usr/include/stdlib.h:531: error: declaration of 'void std::exit(int) throw ()' throws different exceptions
conftest.cc:25: error: from previous declaration 'void std::exit(int)'
configure:4872: $? = 1
configure: failed program was:
| /* confdefs.h.  */
| 
| #define PACKAGE_NAME ""
| #define PACKAGE_TARNAME ""
| #define PACKAGE_VERSION ""
| #define PACKAGE_STRING ""
| #define PACKAGE_BUGREPORT ""
| #define ORTP_MAJOR_VERSION 0
| #define ORTP_MINOR_VERSION 7
| #define ORTP_MICRO_VERSION 1
| #define ORTP_VERSION "0.7.1"
| #define INET6 1
| #define STDC_HEADERS 1
| #define HAVE_SYS_TYPES_H 1
| #define HAVE_SYS_STAT_H 1
| #define HAVE_STDLIB_H 1
| #define HAVE_STRING_H 1
| #define HAVE_MEMORY_H 1
| #define HAVE_STRINGS_H 1
| #define HAVE_INTTYPES_H 1
| #define HAVE_STDINT_H 1
| #define HAVE_UNISTD_H 1
| #define HAVE_DLFCN_H 1
| /* end confdefs.h.  */
| extern "C" void std::exit (int); using std::exit;
| #include <stdlib.h>
| int
| main ()
| {
| exit (42);
|   ;
|   return 0;
| }
configure:4866: g++ -c -g -O2  conftest.cc >&5
configure:4872: $? = 0
configure:4875: test -z 			 || test ! -s conftest.err
configure:4878: $? = 0
configure:4881: test -s conftest.o
configure:4884: $? = 0
configure:4910: g++ -c -g -O2  conftest.cc >&5
configure:4916: $? = 0
configure:4919: test -z 			 || test ! -s conftest.err
configure:4922: $? = 0
configure:4925: test -s conftest.o
configure:4928: $? = 0
configure:4953: checking dependency style of g++
configure:5043: result: gcc3
configure:5065: checking how to run the C++ preprocessor
configure:5096: g++ -E  conftest.cc
configure:5102: $? = 0
configure:5134: g++ -E  conftest.cc
conftest.cc:28:28: error: ac_nonexistent.h: No such file or directory
configure:5140: $? = 1
configure: failed program was:
| /* confdefs.h.  */
| 
| #define PACKAGE_NAME ""
| #define PACKAGE_TARNAME ""
| #define PACKAGE_VERSION ""
| #define PACKAGE_STRING ""
| #define PACKAGE_BUGREPORT ""
| #define ORTP_MAJOR_VERSION 0
| #define ORTP_MINOR_VERSION 7
| #define ORTP_MICRO_VERSION 1
| #define ORTP_VERSION "0.7.1"
| #define INET6 1
| #define STDC_HEADERS 1
| #define HAVE_SYS_TYPES_H 1
| #define HAVE_SYS_STAT_H 1
| #define HAVE_STDLIB_H 1
| #define HAVE_STRING_H 1
| #define HAVE_MEMORY_H 1
| #define HAVE_STRINGS_H 1
| #define HAVE_INTTYPES_H 1
| #define HAVE_STDINT_H 1
| #define HAVE_UNISTD_H 1
| #define HAVE_DLFCN_H 1
| #ifdef __cplusplus
| extern "C" void exit (int) throw ();
| #endif
| /* end confdefs.h.  */
| #include <ac_nonexistent.h>
configure:5179: result: g++ -E
configure:5203: g++ -E  conftest.cc
configure:5209: $? = 0
configure:5241: g++ -E  conftest.cc
conftest.cc:28:28: error: ac_nonexistent.h: No such file or directory
configure:5247: $? = 1
configure: failed program was:
| /* confdefs.h.  */
| 
| #define PACKAGE_NAME ""
| #define PACKAGE_TARNAME ""
| #define PACKAGE_VERSION ""
| #define PACKAGE_STRING ""
| #define PACKAGE_BUGREPORT ""
| #define ORTP_MAJOR_VERSION 0
| #define ORTP_MINOR_VERSION 7
| #define ORTP_MICRO_VERSION 1
| #define ORTP_VERSION "0.7.1"
| #define INET6 1
| #define STDC_HEADERS 1
| #define HAVE_SYS_TYPES_H 1
| #define HAVE_SYS_STAT_H 1
| #define HAVE_STDLIB_H 1
| #define HAVE_STRING_H 1
| #define HAVE_MEMORY_H 1
| #define HAVE_STRINGS_H 1
| #define HAVE_INTTYPES_H 1
| #define HAVE_STDINT_H 1
| #define HAVE_UNISTD_H 1
| #define HAVE_DLFCN_H 1
| #ifdef __cplusplus
| extern "C" void exit (int) throw ();
| #endif
| /* end confdefs.h.  */
| #include <ac_nonexistent.h>
configure:5342: checking for g77
configure:5371: result: no
configure:5342: checking for f77
configure:5371: result: no
configure:5342: checking for xlf
configure:5371: result: no
configure:5342: checking for frt
configure:5371: result: no
configure:5342: checking for pgf77
configure:5371: result: no
configure:5342: checking for fort77
configure:5371: result: no
configure:5342: checking for fl32
configure:5371: result: no
configure:5342: checking for af77
configure:5371: result: no
configure:5342: checking for f90
configure:5371: result: no
configure:5342: checking for xlf90
configure:5371: result: no
configure:5342: checking for pgf90
configure:5371: result: no
configure:5342: checking for epcf90
configure:5371: result: no
configure:5342: checking for f95
configure:5358: found /usr/bin/f95
configure:5368: result: f95
configure:5383: checking for Fortran 77 compiler version
configure:5386: f95 --version </dev/null >&5
GNU Fortran (Debian 4.3.0-2) 4.3.1 20080321 (prerelease)
Copyright (C) 2008 Free Software Foundation, Inc.

GNU Fortran comes with NO WARRANTY, to the extent permitted by law.
You may redistribute copies of GNU Fortran
under the terms of the GNU General Public License.
For more information about these matters, see the file named COPYING

configure:5389: $? = 0
configure:5391: f95 -v </dev/null >&5
Using built-in specs.
Target: x86_64-linux-gnu
Configured with: ../src/configure linux gnu
Thread model: posix
gcc version 4.3.1 20080321 (prerelease) (Debian 4.3.0-2) 
configure:5394: $? = 0
configure:5396: f95 -V </dev/null >&5
f95: '-V' option must have argument
configure:5399: $? = 1
configure:5407: checking whether we are using the GNU Fortran 77 compiler
configure:5421: f95 -c  conftest.F >&5
configure:5427: $? = 0
configure:5430: test -z 			 || test ! -s conftest.err
configure:5433: $? = 0
configure:5436: test -s conftest.o
configure:5439: $? = 0
configure:5452: result: yes
configure:5458: checking whether f95 accepts -g
configure:5470: f95 -c -g conftest.f >&5
configure:5476: $? = 0
configure:5479: test -z 			 || test ! -s conftest.err
configure:5482: $? = 0
configure:5485: test -s conftest.o
configure:5488: $? = 0
configure:5500: result: yes
configure:5530: checking the maximum length of command line arguments
configure:5595: result: 32768
configure:5606: checking command to parse /usr/bin/nm -B output from gcc object
configure:5695: gcc -c -g -O2  conftest.c >&5
configure:5698: $? = 0
configure:5702: /usr/bin/nm -B conftest.o \| sed -n -e 's/^.*[ 	]\([ABCDGIRSTW][ABCDGIRSTW]*\)[ 	][ 	]*\(\)\([_A-Za-z][_A-Za-z0-9]*\)$/\1 \2\3 \3/p' \> conftest.nm
configure:5705: $? = 0
configure:5757: gcc -o conftest -g -O2   conftest.c conftstm.o >&5
configure:5760: $? = 0
configure:5798: result: ok
configure:5802: checking for objdir
configure:5817: result: .libs
configure:5907: checking for ar
configure:5923: found /usr/bin/ar
configure:5934: result: ar
configure:5987: checking for ranlib
configure:6003: found /usr/bin/ranlib
configure:6014: result: ranlib
configure:6067: checking for strip
configure:6083: found /usr/bin/strip
configure:6094: result: strip
configure:6356: checking if gcc static flag  works
configure:6379: result: yes
configure:6397: checking if gcc supports -fno-rtti -fno-exceptions
configure:6415: gcc -c -g -O2  -fno-rtti -fno-exceptions conftest.c >&5
cc1: warning: command line option "-fno-rtti" is valid for C++/ObjC++ but not for C
configure:6419: $? = 0
configure:6430: result: no
configure:6445: checking for gcc option to produce PIC
configure:6622: result: -fPIC
configure:6630: checking if gcc PIC flag -fPIC works
configure:6648: gcc -c -g -O2  -fPIC -DPIC conftest.c >&5
configure:6652: $? = 0
configure:6663: result: yes
configure:6687: checking if gcc supports -c -o file.o
configure:6708: gcc -c -g -O2  -o out/conftest2.o conftest.c >&5
configure:6712: $? = 0
configure:6732: result: yes
configure:6758: checking whether the gcc linker (/usr/bin/ld -m elf_x86_64) supports shared libraries
configure:7605: result: yes
configure:7631: checking whether -lc should be explicitly linked in
configure:7636: gcc -c -g -O2  conftest.c >&5
configure:7639: $? = 0
configure:7653: gcc -shared conftest.o  -v -Wl,-soname -Wl,conftest -o conftest 2\>\&1 \| grep  -lc  \>/dev/null 2\>\&1
configure:7656: $? = 0
configure:7668: result: no
configure:7676: checking dynamic linker characteristics
configure:8228: result: GNU/Linux ld.so
configure:8232: checking how to hardcode library paths into programs
configure:8257: result: immediate
configure:8271: checking whether stripping libraries is possible
configure:8276: result: yes
configure:9099: checking if libtool supports shared libraries
configure:9101: result: yes
configure:9104: checking whether to build shared libraries
configure:9162: result: yes
configure:9165: checking whether to build static libraries
configure:9169: result: yes
configure:9261: creating libtool
configure:9808: checking for ld used by g++
configure:9875: result: /usr/bin/ld -m elf_x86_64
configure:9884: checking if the linker (/usr/bin/ld -m elf_x86_64) is GNU ld
configure:9899: result: yes
configure:9950: checking whether the g++ linker (/usr/bin/ld -m elf_x86_64) supports shared libraries
configure:10776: result: yes
configure:10794: g++ -c -g -O2  conftest.cc >&5
configure:10797: $? = 0
configure:10893: checking for g++ option to produce PIC
configure:11145: result: -fPIC
configure:11153: checking if g++ PIC flag -fPIC works
configure:11171: g++ -c -g -O2  -fPIC -DPIC conftest.cc >&5
configure:11175: $? = 0
configure:11186: result: yes
configure:11210: checking if g++ supports -c -o file.o
configure:11231: g++ -c -g -O2  -o out/conftest2.o conftest.cc >&5
configure:11235: $? = 0
configure:11255: result: yes
configure:11281: checking whether the g++ linker (/usr/bin/ld -m elf_x86_64) supports shared libraries
configure:11309: result: yes
configure:11380: checking dynamic linker characteristics
configure:11932: result: GNU/Linux ld.so
configure:11936: checking how to hardcode library paths into programs
configure:11961: result: immediate
configure:11975: checking whether stripping libraries is possible
configure:11980: result: yes
configure:13280: checking if libtool supports shared libraries
configure:13282: result: yes
configure:13285: checking whether to build shared libraries
configure:13303: result: yes
configure:13306: checking whether to build static libraries
configure:13310: result: yes
configure:13322: checking for f95 option to produce PIC
configure:13499: result: -fPIC
configure:13507: checking if f95 PIC flag -fPIC works
configure:13525: f95 -c -g -O2 -fPIC conftest.f >&5
configure:13529: $? = 0
configure:13540: result: yes
configure:13564: checking if f95 supports -c -o file.o
configure:13585: f95 -c -g -O2 -o out/conftest2.o conftest.f >&5
configure:13589: $? = 0
configure:13609: result: yes
configure:13635: checking whether the f95 linker (/usr/bin/ld -m elf_x86_64) supports shared libraries
configure:14462: result: yes
configure:14533: checking dynamic linker characteristics
configure:15085: result: GNU/Linux ld.so
configure:15089: checking how to hardcode library paths into programs
configure:15114: result: immediate
configure:15128: checking whether stripping libraries is possible
configure:15133: result: yes
configure:19312: checking for pkg-config
configure:19330: found /usr/bin/pkg-config
configure:19343: result: /usr/bin/pkg-config
configure:19366: checking for GLIB - version >= 2.0.0
configure:19519: result: no
configure:19552: gcc -o conftest -g -O2    conftest.c   >&5
conftest.c:29:18: error: glib.h: No such file or directory
conftest.c: In function 'main':
conftest.c:35: error: 'glib_major_version' undeclared (first use in this function)
conftest.c:35: error: (Each undeclared identifier is reported only once
conftest.c:35: error: for each function it appears in.)
conftest.c:35: error: 'glib_minor_version' undeclared (first use in this function)
conftest.c:35: error: 'glib_micro_version' undeclared (first use in this function)
configure:19558: $? = 1
configure: failed program was:
| /* confdefs.h.  */
| 
| #define PACKAGE_NAME ""
| #define PACKAGE_TARNAME ""
| #define PACKAGE_VERSION ""
| #define PACKAGE_STRING ""
| #define PACKAGE_BUGREPORT ""
| #define ORTP_MAJOR_VERSION 0
| #define ORTP_MINOR_VERSION 7
| #define ORTP_MICRO_VERSION 1
| #define ORTP_VERSION "0.7.1"
| #define INET6 1
| #define STDC_HEADERS 1
| #define HAVE_SYS_TYPES_H 1
| #define HAVE_SYS_STAT_H 1
| #define HAVE_STDLIB_H 1
| #define HAVE_STRING_H 1
| #define HAVE_MEMORY_H 1
| #define HAVE_STRINGS_H 1
| #define HAVE_INTTYPES_H 1
| #define HAVE_STDINT_H 1
| #define HAVE_UNISTD_H 1
| #define HAVE_DLFCN_H 1
| #ifdef __cplusplus
| extern "C" void exit (int) throw ();
| #endif
| /* end confdefs.h.  */
| 
| #include <glib.h>
| #include <stdio.h>
| 
| int
| main ()
| {
|  return ((glib_major_version) || (glib_minor_version) || (glib_micro_version));
|   ;
|   return 0;
| }
configure:19643: checking for seteuid
configure:19700: gcc -o conftest -g -O2 -Wall   conftest.c  >&5
configure:19706: $? = 0
configure:19709: test -z 			 || test ! -s conftest.err
configure:19712: $? = 0
configure:19715: test -s conftest
configure:19718: $? = 0
configure:19730: result: yes
configure:19742: checking for pthread_mutex_init in -lpthread
configure:19772: gcc -o conftest -g -O2 -Wall   conftest.c -lpthread   >&5
configure:19778: $? = 0
configure:19781: test -z 			 || test ! -s conftest.err
configure:19784: $? = 0
configure:19787: test -s conftest
configure:19790: $? = 0
configure:19803: result: yes
configure:19861: checking for ANSI C header files
configure:20016: result: yes
configure:20047: checking poll.h usability
configure:20059: gcc -c -g -O2 -Wall  conftest.c >&5
configure:20065: $? = 0
configure:20068: test -z 			 || test ! -s conftest.err
configure:20071: $? = 0
configure:20074: test -s conftest.o
configure:20077: $? = 0
configure:20087: result: yes
configure:20091: checking poll.h presence
configure:20101: gcc -E  conftest.c
configure:20107: $? = 0
configure:20127: result: yes
configure:20162: checking for poll.h
configure:20169: result: yes
configure:20047: checking sys/poll.h usability
configure:20059: gcc -c -g -O2 -Wall  conftest.c >&5
configure:20065: $? = 0
configure:20068: test -z 			 || test ! -s conftest.err
configure:20071: $? = 0
configure:20074: test -s conftest.o
configure:20077: $? = 0
configure:20087: result: yes
configure:20091: checking sys/poll.h presence
configure:20101: gcc -E  conftest.c
configure:20107: $? = 0
configure:20127: result: yes
configure:20162: checking for sys/poll.h
configure:20169: result: yes
configure:20047: checking sys/uio.h usability
configure:20059: gcc -c -g -O2 -Wall  conftest.c >&5
configure:20065: $? = 0
configure:20068: test -z 			 || test ! -s conftest.err
configure:20071: $? = 0
configure:20074: test -s conftest.o
configure:20077: $? = 0
configure:20087: result: yes
configure:20091: checking sys/uio.h presence
configure:20101: gcc -E  conftest.c
configure:20107: $? = 0
configure:20127: result: yes
configure:20162: checking for sys/uio.h
configure:20169: result: yes
configure:20047: checking fcntl.h usability
configure:20059: gcc -c -g -O2 -Wall  conftest.c >&5
configure:20065: $? = 0
configure:20068: test -z 			 || test ! -s conftest.err
configure:20071: $? = 0
configure:20074: test -s conftest.o
configure:20077: $? = 0
configure:20087: result: yes
configure:20091: checking fcntl.h presence
configure:20101: gcc -E  conftest.c
configure:20107: $? = 0
configure:20127: result: yes
configure:20162: checking for fcntl.h
configure:20169: result: yes
configure:20047: checking sys/time.h usability
configure:20059: gcc -c -g -O2 -Wall  conftest.c >&5
configure:20065: $? = 0
configure:20068: test -z 			 || test ! -s conftest.err
configure:20071: $? = 0
configure:20074: test -s conftest.o
configure:20077: $? = 0
configure:20087: result: yes
configure:20091: checking sys/time.h presence
configure:20101: gcc -E  conftest.c
configure:20107: $? = 0
configure:20127: result: yes
configure:20162: checking for sys/time.h
configure:20169: result: yes
configure:20038: checking for unistd.h
configure:20043: result: yes
configure:20047: checking sys/audio.h usability
configure:20059: gcc -c -g -O2 -Wall  conftest.c >&5
conftest.c:70:23: error: sys/audio.h: No such file or directory
configure:20065: $? = 1
configure: failed program was:
| /* confdefs.h.  */
| 
| #define PACKAGE_NAME ""
| #define PACKAGE_TARNAME ""
| #define PACKAGE_VERSION ""
| #define PACKAGE_STRING ""
| #define PACKAGE_BUGREPORT ""
| #define ORTP_MAJOR_VERSION 0
| #define ORTP_MINOR_VERSION 7
| #define ORTP_MICRO_VERSION 1
| #define ORTP_VERSION "0.7.1"
| #define INET6 1
| #define STDC_HEADERS 1
| #define HAVE_SYS_TYPES_H 1
| #define HAVE_SYS_STAT_H 1
| #define HAVE_STDLIB_H 1
| #define HAVE_STRING_H 1
| #define HAVE_MEMORY_H 1
| #define HAVE_STRINGS_H 1
| #define HAVE_INTTYPES_H 1
| #define HAVE_STDINT_H 1
| #define HAVE_UNISTD_H 1
| #define HAVE_DLFCN_H 1
| #ifdef __cplusplus
| extern "C" void exit (int) throw ();
| #endif
| #define HAVE_SETEUID 1
| #define STDC_HEADERS 1
| #define HAVE_POLL_H 1
| #define HAVE_SYS_POLL_H 1
| #define HAVE_SYS_UIO_H 1
| #define HAVE_FCNTL_H 1
| #define HAVE_SYS_TIME_H 1
| #define HAVE_UNISTD_H 1
| /* end confdefs.h.  */
| #include <stdio.h>
| #if HAVE_SYS_TYPES_H
| # include <sys/types.h>
| #endif
| #if HAVE_SYS_STAT_H
| # include <sys/stat.h>
| #endif
| #if STDC_HEADERS
| # include <stdlib.h>
| # include <stddef.h>
| #else
| # if HAVE_STDLIB_H
| #  include <stdlib.h>
| # endif
| #endif
| #if HAVE_STRING_H
| # if !STDC_HEADERS && HAVE_MEMORY_H
| #  include <memory.h>
| # endif
| # include <string.h>
| #endif
| #if HAVE_STRINGS_H
| # include <strings.h>
| #endif
| #if HAVE_INTTYPES_H
| # include <inttypes.h>
| #else
| # if HAVE_STDINT_H
| #  include <stdint.h>
| # endif
| #endif
| #if HAVE_UNISTD_H
| # include <unistd.h>
| #endif
| #include <sys/audio.h>
configure:20087: result: no
configure:20091: checking sys/audio.h presence
configure:20101: gcc -E  conftest.c
conftest.c:36:23: error: sys/audio.h: No such file or directory
configure:20107: $? = 1
configure: failed program was:
| /* confdefs.h.  */
| 
| #define PACKAGE_NAME ""
| #define PACKAGE_TARNAME ""
| #define PACKAGE_VERSION ""
| #define PACKAGE_STRING ""
| #define PACKAGE_BUGREPORT ""
| #define ORTP_MAJOR_VERSION 0
| #define ORTP_MINOR_VERSION 7
| #define ORTP_MICRO_VERSION 1
| #define ORTP_VERSION "0.7.1"
| #define INET6 1
| #define STDC_HEADERS 1
| #define HAVE_SYS_TYPES_H 1
| #define HAVE_SYS_STAT_H 1
| #define HAVE_STDLIB_H 1
| #define HAVE_STRING_H 1
| #define HAVE_MEMORY_H 1
| #define HAVE_STRINGS_H 1
| #define HAVE_INTTYPES_H 1
| #define HAVE_STDINT_H 1
| #define HAVE_UNISTD_H 1
| #define HAVE_DLFCN_H 1
| #ifdef __cplusplus
| extern "C" void exit (int) throw ();
| #endif
| #define HAVE_SETEUID 1
| #define STDC_HEADERS 1
| #define HAVE_POLL_H 1
| #define HAVE_SYS_POLL_H 1
| #define HAVE_SYS_UIO_H 1
| #define HAVE_FCNTL_H 1
| #define HAVE_SYS_TIME_H 1
| #define HAVE_UNISTD_H 1
| /* end confdefs.h.  */
| #include <sys/audio.h>
configure:20127: result: no
configure:20162: checking for sys/audio.h
configure:20169: result: no
configure:20047: checking linux/soundcard.h usability
configure:20059: gcc -c -g -O2 -Wall  conftest.c >&5
configure:20065: $? = 0
configure:20068: test -z 			 || test ! -s conftest.err
configure:20071: $? = 0
configure:20074: test -s conftest.o
configure:20077: $? = 0
configure:20087: result: yes
configure:20091: checking linux/soundcard.h presence
configure:20101: gcc -E  conftest.c
configure:20107: $? = 0
configure:20127: result: yes
configure:20162: checking for linux/soundcard.h
configure:20169: result: yes
configure:20183: checking for an ANSI C-conforming const
configure:20250: gcc -c -g -O2 -Wall  conftest.c >&5
conftest.c: In function 'main':
conftest.c:64: warning: unused variable 's'
conftest.c:84: warning: unused variable 'foo'
conftest.c:51: warning: unused variable 'zero'
conftest.c:45: warning: unused variable 'x'
conftest.c:66: warning: 't' is used uninitialized in this function
conftest.c:81: warning: 'b' is used uninitialized in this function
configure:20256: $? = 0
configure:20259: test -z 			 || test ! -s conftest.err
configure:20262: $? = 0
configure:20265: test -s conftest.o
configure:20268: $? = 0
configure:20279: result: yes
configure:20289: checking for inline
configure:20310: gcc -c -g -O2 -Wall  conftest.c >&5
configure:20316: $? = 0
configure:20319: test -z 			 || test ! -s conftest.err
configure:20322: $? = 0
configure:20325: test -s conftest.o
configure:20328: $? = 0
configure:20340: result: inline
configure:20359: checking whether time.h and sys/time.h may both be included
configure:20384: gcc -c -g -O2 -Wall  conftest.c >&5
configure:20390: $? = 0
configure:20393: test -z 			 || test ! -s conftest.err
configure:20396: $? = 0
configure:20399: test -s conftest.o
configure:20402: $? = 0
configure:20413: result: yes
configure:20423: checking whether byte ordering is bigendian
configure:20450: gcc -c -g -O2 -Wall  conftest.c >&5
configure:20456: $? = 0
configure:20459: test -z 			 || test ! -s conftest.err
configure:20462: $? = 0
configure:20465: test -s conftest.o
configure:20468: $? = 0
configure:20492: gcc -c -g -O2 -Wall  conftest.c >&5
conftest.c: In function 'main':
conftest.c:45: error: 'not' undeclared (first use in this function)
conftest.c:45: error: (Each undeclared identifier is reported only once
conftest.c:45: error: for each function it appears in.)
conftest.c:45: error: expected ';' before 'big'
configure:20498: $? = 1
configure: failed program was:
| /* confdefs.h.  */
| 
| #define PACKAGE_NAME ""
| #define PACKAGE_TARNAME ""
| #define PACKAGE_VERSION ""
| #define PACKAGE_STRING ""
| #define PACKAGE_BUGREPORT ""
| #define ORTP_MAJOR_VERSION 0
| #define ORTP_MINOR_VERSION 7
| #define ORTP_MICRO_VERSION 1
| #define ORTP_VERSION "0.7.1"
| #define INET6 1
| #define STDC_HEADERS 1
| #define HAVE_SYS_TYPES_H 1
| #define HAVE_SYS_STAT_H 1
| #define HAVE_STDLIB_H 1
| #define HAVE_STRING_H 1
| #define HAVE_MEMORY_H 1
| #define HAVE_STRINGS_H 1
| #define HAVE_INTTYPES_H 1
| #define HAVE_STDINT_H 1
| #define HAVE_UNISTD_H 1
| #define HAVE_DLFCN_H 1
| #ifdef __cplusplus
| extern "C" void exit (int) throw ();
| #endif
| #define HAVE_SETEUID 1
| #define STDC_HEADERS 1
| #define HAVE_POLL_H 1
| #define HAVE_SYS_POLL_H 1
| #define HAVE_SYS_UIO_H 1
| #define HAVE_FCNTL_H 1
| #define HAVE_SYS_TIME_H 1
| #define HAVE_UNISTD_H 1
| #define HAVE_LINUX_SOUNDCARD_H 1
| #define TIME_WITH_SYS_TIME 1
| /* end confdefs.h.  */
| #include <sys/types.h>
| #include <sys/param.h>
| 
| int
| main ()
| {
| #if BYTE_ORDER != BIG_ENDIAN
|  not big endian
| #endif
| 
|   ;
|   return 0;
| }
configure:20631: result: no
configure:20657: checking for select
configure:20714: gcc -o conftest -g -O2 -Wall   conftest.c  >&5
configure:20720: $? = 0
configure:20723: test -z 			 || test ! -s conftest.err
configure:20726: $? = 0
configure:20729: test -s conftest
configure:20732: $? = 0
configure:20744: result: yes
configure:20657: checking for socket
configure:20714: gcc -o conftest -g -O2 -Wall   conftest.c  >&5
configure:20720: $? = 0
configure:20723: test -z 			 || test ! -s conftest.err
configure:20726: $? = 0
configure:20729: test -s conftest
configure:20732: $? = 0
configure:20744: result: yes
configure:20657: checking for strerror
configure:20714: gcc -o conftest -g -O2 -Wall   conftest.c  >&5
configure:20720: $? = 0
configure:20723: test -z 			 || test ! -s conftest.err
configure:20726: $? = 0
configure:20729: test -s conftest
configure:20732: $? = 0
configure:20744: result: yes
configure:20883: checking pkg-config is at least version 0.9.0
configure:20886: result: yes
configure:20897: checking for GTK_DOC
configure:20902: $PKG_CONFIG --exists --print-errors "gtk-doc >= 0.6"
Package gtk-doc was not found in the pkg-config search path.
Perhaps you should add the directory containing `gtk-doc.pc'
to the PKG_CONFIG_PATH environment variable
No package 'gtk-doc' found
configure:20905: $? = 1
configure:20916: $PKG_CONFIG --exists --print-errors "gtk-doc >= 0.6"
Package gtk-doc was not found in the pkg-config search path.
Perhaps you should add the directory containing `gtk-doc.pc'
to the PKG_CONFIG_PATH environment variable
No package 'gtk-doc' found
configure:20919: $? = 1
Package gtk-doc was not found in the pkg-config search path.
Perhaps you should add the directory containing `gtk-doc.pc'
to the PKG_CONFIG_PATH environment variable
No package 'gtk-doc' found
configure:20960: checking for epm
configure:20991: result: false
configure:21000: checking for mkepmlist
configure:21031: result: false
configure:21040: checking for epminstall
configure:21071: result: false
configure:21281: creating ./config.status

## ---------------------- ##
## Running config.status. ##
## ---------------------- ##

This file was extended by config.status, which was
generated by GNU Autoconf 2.59.  Invocation command line was

  CONFIG_FILES    = 
  CONFIG_HEADERS  = 
  CONFIG_LINKS    = 
  CONFIG_COMMANDS = 
  $ ./config.status 

on shannon

config.status:800: creating Makefile
config.status:800: creating include/Makefile
config.status:800: creating include/ortp/Makefile
config.status:800: creating src/Makefile
config.status:800: creating src/tests/Makefile
config.status:800: creating docs/Makefile
config.status:800: creating build/Makefile
config.status:800: creating build/win32/Makefile
config.status:800: creating ortp.pc
config.status:866: creating ortp-config.h
config.status:1188: executing depfiles commands

## ---------------- ##
## Cache variables. ##
## ---------------- ##

ac_cv_build=x86_64-unknown-linux-gnu
ac_cv_build_alias=x86_64-unknown-linux-gnu
ac_cv_c_bigendian=no
ac_cv_c_compiler_gnu=yes
ac_cv_c_const=yes
ac_cv_c_inline=inline
ac_cv_cxx_compiler_gnu=yes
ac_cv_env_CC_set=
ac_cv_env_CC_value=
ac_cv_env_CFLAGS_set=
ac_cv_env_CFLAGS_value=
ac_cv_env_CPPFLAGS_set=
ac_cv_env_CPPFLAGS_value=
ac_cv_env_CPP_set=
ac_cv_env_CPP_value=
ac_cv_env_CXXCPP_set=
ac_cv_env_CXXCPP_value=
ac_cv_env_CXXFLAGS_set=
ac_cv_env_CXXFLAGS_value=
ac_cv_env_CXX_set=
ac_cv_env_CXX_value=
ac_cv_env_F77_set=
ac_cv_env_F77_value=
ac_cv_env_FFLAGS_set=
ac_cv_env_FFLAGS_value=
ac_cv_env_GTK_DOC_CFLAGS_set=
ac_cv_env_GTK_DOC_CFLAGS_value=
ac_cv_env_GTK_DOC_LIBS_set=
ac_cv_env_GTK_DOC_LIBS_value=
ac_cv_env_LDFLAGS_set=
ac_cv_env_LDFLAGS_value=
ac_cv_env_PKG_CONFIG_set=
ac_cv_env_PKG_CONFIG_value=
ac_cv_env_build_alias_set=
ac_cv_env_build_alias_value=
ac_cv_env_host_alias_set=
ac_cv_env_host_alias_value=
ac_cv_env_target_alias_set=
ac_cv_env_target_alias_value=
ac_cv_exeext=
ac_cv_f77_compiler_gnu=yes
ac_cv_func_select=yes
ac_cv_func_seteuid=yes
ac_cv_func_socket=yes
ac_cv_func_strerror=yes
ac_cv_header_dlfcn_h=yes
ac_cv_header_fcntl_h=yes
ac_cv_header_inttypes_h=yes
ac_cv_header_linux_soundcard_h=yes
ac_cv_header_memory_h=yes
ac_cv_header_poll_h=yes
ac_cv_header_stdc=yes
ac_cv_header_stdint_h=yes
ac_cv_header_stdlib_h=yes
ac_cv_header_string_h=yes
ac_cv_header_strings_h=yes
ac_cv_header_sys_audio_h=no
ac_cv_header_sys_poll_h=yes
ac_cv_header_sys_stat_h=yes
ac_cv_header_sys_time_h=yes
ac_cv_header_sys_types_h=yes
ac_cv_header_sys_uio_h=yes
ac_cv_header_time=yes
ac_cv_header_unistd_h=yes
ac_cv_host=x86_64-unknown-linux-gnu
ac_cv_host_alias=x86_64-unknown-linux-gnu
ac_cv_lib_pthread_pthread_mutex_init=yes
ac_cv_objext=o
ac_cv_path_EPM=false
ac_cv_path_EPMINSTALL=false
ac_cv_path_MKEPMLIST=false
ac_cv_path_PKG_CONFIG=/usr/bin/pkg-config
ac_cv_path_install='/usr/bin/install -c'
ac_cv_prog_AWK=gawk
ac_cv_prog_CPP='gcc -E'
ac_cv_prog_CXXCPP='g++ -E'
ac_cv_prog_ac_ct_AR=ar
ac_cv_prog_ac_ct_CC=gcc
ac_cv_prog_ac_ct_CXX=g++
ac_cv_prog_ac_ct_F77=f95
ac_cv_prog_ac_ct_RANLIB=ranlib
ac_cv_prog_ac_ct_STRIP=strip
ac_cv_prog_cc_g=yes
ac_cv_prog_cc_stdc=
ac_cv_prog_cxx_g=yes
ac_cv_prog_egrep='grep -E'
ac_cv_prog_f77_g=yes
ac_cv_prog_make_make_set=yes
ac_cv_target=x86_64-unknown-linux-gnu
ac_cv_target_alias=x86_64-unknown-linux-gnu
am_cv_CC_dependencies_compiler_type=gcc3
am_cv_CXX_dependencies_compiler_type=gcc3
lt_cv_deplibs_check_method=pass_all
lt_cv_file_magic_cmd='$MAGIC_CMD'
lt_cv_file_magic_test_file=
lt_cv_ld_reload_flag=-r
lt_cv_objdir=.libs
lt_cv_path_LD=/usr/bin/ld
lt_cv_path_LDCXX='/usr/bin/ld -m elf_x86_64'
lt_cv_path_NM='/usr/bin/nm -B'
lt_cv_path_SED=/bin/sed
lt_cv_prog_compiler_c_o=yes
lt_cv_prog_compiler_c_o_CXX=yes
lt_cv_prog_compiler_c_o_F77=yes
lt_cv_prog_compiler_rtti_exceptions=no
lt_cv_prog_gnu_ld=yes
lt_cv_prog_gnu_ldcxx=yes
lt_cv_sys_global_symbol_pipe='sed -n -e '\''s/^.*[ 	]\([ABCDGIRSTW][ABCDGIRSTW]*\)[ 	][ 	]*\(\)\([_A-Za-z][_A-Za-z0-9]*\)$/\1 \2\3 \3/p'\'''
lt_cv_sys_global_symbol_to_c_name_address='sed -n -e '\''s/^: \([^ ]*\) $/  {\"\1\", (lt_ptr) 0},/p'\'' -e '\''s/^[BCDEGRST] \([^ ]*\) \([^ ]*\)$/  {"\2", (lt_ptr) \&\2},/p'\'''
lt_cv_sys_global_symbol_to_cdecl='sed -n -e '\''s/^. .* \(.*\)$/extern int \1;/p'\'''
lt_cv_sys_max_cmd_len=32768
lt_lt_cv_prog_compiler_c_o='"yes"'
lt_lt_cv_prog_compiler_c_o_CXX='"yes"'
lt_lt_cv_prog_compiler_c_o_F77='"yes"'
lt_lt_cv_sys_global_symbol_pipe='"sed -n -e '\''s/^.*[ 	]\\([ABCDGIRSTW][ABCDGIRSTW]*\\)[ 	][ 	]*\\(\\)\\([_A-Za-z][_A-Za-z0-9]*\\)\$/\\1 \\2\\3 \\3/p'\''"'
lt_lt_cv_sys_global_symbol_to_c_name_address='"sed -n -e '\''s/^: \\([^ ]*\\) \$/  {\\\"\\1\\\", (lt_ptr) 0},/p'\'' -e '\''s/^[BCDEGRST] \\([^ ]*\\) \\([^ ]*\\)\$/  {\"\\2\", (lt_ptr) \\&\\2},/p'\''"'
lt_lt_cv_sys_global_symbol_to_cdecl='"sed -n -e '\''s/^. .* \\(.*\\)\$/extern int \\1;/p'\''"'

## ----------------- ##
## Output variables. ##
## ----------------- ##

ACLOCAL='${SHELL} /home/vu3rdd/src/jingle/ortp-0.7.1/missing --run aclocal-1.8'
AMDEPBACKSLASH='\'
AMDEP_FALSE='#'
AMDEP_TRUE=''
AMTAR='${SHELL} /home/vu3rdd/src/jingle/ortp-0.7.1/missing --run tar'
AR='ar'
ARCH='x86_64'
AUTOCONF='${SHELL} /home/vu3rdd/src/jingle/ortp-0.7.1/missing --run autoconf'
AUTOHEADER='${SHELL} /home/vu3rdd/src/jingle/ortp-0.7.1/missing --run autoheader'
AUTOMAKE='${SHELL} /home/vu3rdd/src/jingle/ortp-0.7.1/missing --run automake-1.8'
AWK='gawk'
BUILDROOT='/tmp/buildroot-ortp-4897'
CC='gcc'
CCDEPMODE='depmode=gcc3'
CFLAGS='-g -O2 -Wall'
CPP='gcc -E'
CPPFLAGS=''
CXX='g++'
CXXCPP='g++ -E'
CXXDEPMODE='depmode=gcc3'
CXXFLAGS='-g -O2'
CYGPATH_W='echo'
DEFS='-DHAVE_CONFIG_H'
DEPDIR='.deps'
ECHO='echo'
ECHO_C=''
ECHO_N='-n'
ECHO_T=''
EGREP='grep -E'
ENABLE_GTK_DOC_FALSE=''
ENABLE_GTK_DOC_TRUE='#'
EPM='false'
EPMINSTALL='false'
EPM_PKG_EXT='rpm'
EXEEXT=''
F77='f95'
FFLAGS='-g -O2'
GLIB_CFLAGS=''
GLIB_GENMARSHAL=''
GLIB_LIBS=''
GLIB_MKENUMS=''
GLIB_SUPPORT_FALSE=''
GLIB_SUPPORT_TRUE='#'
GOBJECT_QUERY=''
GTK_DOC_CFLAGS=''
GTK_DOC_LIBS=''
HTML_DIR='${datadir}/gtk-doc/html'
INSTALL_DATA='${INSTALL} -m 644'
INSTALL_PROGRAM='${INSTALL}'
INSTALL_SCRIPT='${INSTALL}'
INSTALL_STRIP_PROGRAM='${SHELL} $(install_sh) -c -s'
LDFLAGS=''
LIBOBJS=''
LIBORTP_SO_VERSION='7:1:7'
LIBS=''
LIBTOOL='$(SHELL) $(top_builddir)/libtool'
LICENSE='LGPL'
LN_S='ln -s'
LTLIBOBJS=''
MAKEINFO='${SHELL} /home/vu3rdd/src/jingle/ortp-0.7.1/missing --run makeinfo'
MKEPMLIST='false'
OBJEXT='o'
ORTPDEPS_CFLAGS=' -D_REENTRANT'
ORTPDEPS_LDFLAGS=' '
ORTPDEPS_LIBS=' -lpthread'
ORTP_VERSION='0.7.1'
PACKAGE='ortp'
PACKAGER='anonymous'
PACKAGE_BUGREPORT=''
PACKAGE_NAME=''
PACKAGE_STRING=''
PACKAGE_TARNAME=''
PACKAGE_VERSION=''
PATH_SEPARATOR=':'
PKG_CONFIG='/usr/bin/pkg-config'
PTHREAD_CFLAGS='-D_REENTRANT'
PTHREAD_LDFLAGS=''
PTHREAD_LIBS='-lpthread'
RANLIB='ranlib'
RELEASE='1'
SET_MAKE=''
SHELL='/bin/sh'
STRIP='strip'
SUMMARY='An LGPL implementation of RTP - RFC1889'
SYS_GROUP='root'
SYS_USER='root'
VENDOR='Linphone'
VERSION='0.7.1'
WITH_EPM_FALSE=''
WITH_EPM_TRUE='#'
ac_ct_AR='ar'
ac_ct_CC='gcc'
ac_ct_CXX='g++'
ac_ct_F77='f95'
ac_ct_RANLIB='ranlib'
ac_ct_STRIP='strip'
ac_pt_PKG_CONFIG=''
am__fastdepCC_FALSE='#'
am__fastdepCC_TRUE=''
am__fastdepCXX_FALSE='#'
am__fastdepCXX_TRUE=''
am__include='include'
am__leading_dot='.'
am__quote=''
bindir='${exec_prefix}/bin'
build='x86_64-unknown-linux-gnu'
build_alias=''
build_cpu='x86_64'
build_os='linux-gnu'
build_vendor='unknown'
datadir='${prefix}/share'
exec_prefix='${prefix}'
host='x86_64-unknown-linux-gnu'
host_alias=''
host_cpu='x86_64'
host_os='linux-gnu'
host_vendor='unknown'
includedir='${prefix}/include'
infodir='${prefix}/info'
install_sh='/home/vu3rdd/src/jingle/ortp-0.7.1/install-sh'
libdir='${exec_prefix}/lib'
libexecdir='${exec_prefix}/libexec'
localstatedir='${prefix}/var'
mandir='${prefix}/man'
mkdir_p='mkdir -p -- .'
oldincludedir='/usr/include'
prefix='/usr/local'
program_transform_name='s,x,x,'
sbindir='${exec_prefix}/sbin'
sharedstatedir='${prefix}/com'
sysconfdir='${prefix}/etc'
target='x86_64-unknown-linux-gnu'
target_alias=''
target_cpu='x86_64'
target_os='linux-gnu'
target_vendor='unknown'

## ----------- ##
## confdefs.h. ##
## ----------- ##

#define HAVE_DLFCN_H 1
#define HAVE_FCNTL_H 1
#define HAVE_INTTYPES_H 1
#define HAVE_LINUX_SOUNDCARD_H 1
#define HAVE_MEMORY_H 1
#define HAVE_POLL_H 1
#define HAVE_SELECT 1
#define HAVE_SETEUID 1
#define HAVE_SOCKET 1
#define HAVE_STDINT_H 1
#define HAVE_STDLIB_H 1
#define HAVE_STRERROR 1
#define HAVE_STRINGS_H 1
#define HAVE_STRING_H 1
#define HAVE_SYS_POLL_H 1
#define HAVE_SYS_STAT_H 1
#define HAVE_SYS_TIME_H 1
#define HAVE_SYS_TYPES_H 1
#define HAVE_SYS_UIO_H 1
#define HAVE_UNISTD_H 1
#define HAVE_UNISTD_H 1
#define INET6 1
#define ORTP_MAJOR_VERSION 0
#define ORTP_MICRO_VERSION 1
#define ORTP_MINOR_VERSION 7
#define ORTP_VERSION "0.7.1"
#define PACKAGE_BUGREPORT ""
#define PACKAGE_NAME ""
#define PACKAGE_STRING ""
#define PACKAGE_TARNAME ""
#define PACKAGE_VERSION ""
#define POSIXTIMER_INTERVAL 10000
#define STDC_HEADERS 1
#define STDC_HEADERS 1
#define TIME_WITH_SYS_TIME 1
#endif
#ifdef __cplusplus
extern "C" void exit (int) throw ();

configure: exit 0
