This file contains any messages produced by compilers while
running configure, to aid debugging if configure makes a mistake.

It was created by libjingle configure 0.4.0, which was
generated by GNU Autoconf 2.59.  Invocation command line was

  $ ./configure --with-speex=/usr --with-ilbc=/usr/local

## --------- ##
## Platform. ##
## --------- ##

hostname = shannon
uname -m = x86_64
uname -r = 2.6.25
uname -s = Linux
uname -v = #1 SMP PREEMPT Thu Apr 24 17:09:55 SGT 2008

/usr/bin/uname -p = unknown
/bin/uname -X     = unknown

/bin/arch              = unknown
/usr/bin/arch -k       = unknown
/usr/convex/getsysinfo = unknown
hostinfo               = unknown
/bin/machine           = unknown
/usr/bin/oslevel       = unknown
/bin/universe          = unknown

PATH: /usr/local/sbin
PATH: /usr/local/bin
PATH: /usr/sbin
PATH: /usr/bin
PATH: /sbin
PATH: /bin
PATH: /usr/bin/X11


## ----------- ##
## Core tests. ##
## ----------- ##

configure:1545: checking build system type
configure:1563: result: x86_64-unknown-linux-gnu
configure:1571: checking host system type
configure:1585: result: x86_64-unknown-linux-gnu
configure:1593: checking target system type
configure:1607: result: x86_64-unknown-linux-gnu
configure:1637: checking for a BSD-compatible install
configure:1692: result: /usr/bin/install -c
configure:1703: checking whether build environment is sane
configure:1746: result: yes
configure:1811: checking for gawk
configure:1827: found /usr/bin/gawk
configure:1837: result: gawk
configure:1847: checking whether make sets $(MAKE)
configure:1867: result: yes
configure:2081: checking for gcc
configure:2097: found /usr/bin/gcc
configure:2107: result: gcc
configure:2351: checking for C compiler version
configure:2354: gcc --version </dev/null >&5
gcc (GCC) 4.2.3 (Debian 4.2.3-2)
Copyright (C) 2007 Free Software Foundation, Inc.
This is free software; see the source for copying conditions.  There is NO
warranty; not even for MERCHANTABILITY or FITNESS FOR A PARTICULAR PURPOSE.

configure:2357: $? = 0
configure:2359: gcc -v </dev/null >&5
Using built-in specs.
Target: x86_64-linux-gnu
Configured with: ../src/configure -v --enable-languages=c,c++,fortran,objc,obj-c++,treelang --prefix=/usr --enable-shared --with-system-zlib --libexecdir=/usr/lib --without-included-gettext --enable-threads=posix --enable-nls --with-gxx-include-dir=/usr/include/c++/4.2 --program-suffix=-4.2 --enable-clocale=gnu --enable-libstdcxx-debug --enable-objc-gc --enable-mpfr --disable-libmudflap --enable-checking=release --build=x86_64-linux-gnu --host=x86_64-linux-gnu --target=x86_64-linux-gnu
Thread model: posix
gcc version 4.2.3 (Debian 4.2.3-2)
configure:2362: $? = 0
configure:2364: gcc -V </dev/null >&5
gcc: '-V' option must have argument
configure:2367: $? = 1
configure:2390: checking for C compiler default output file name
configure:2393: gcc    conftest.c  >&5
configure:2396: $? = 0
configure:2442: result: a.out
configure:2447: checking whether the C compiler works
configure:2453: ./a.out
configure:2456: $? = 0
configure:2473: result: yes
configure:2480: checking whether we are cross compiling
configure:2482: result: no
configure:2485: checking for suffix of executables
configure:2487: gcc -o conftest    conftest.c  >&5
configure:2490: $? = 0
configure:2515: result: 
configure:2521: checking for suffix of object files
configure:2542: gcc -c   conftest.c >&5
configure:2545: $? = 0
configure:2567: result: o
configure:2571: checking whether we are using the GNU C compiler
configure:2595: gcc -c   conftest.c >&5
configure:2601: $? = 0
configure:2604: test -z 			 || test ! -s conftest.err
configure:2607: $? = 0
configure:2610: test -s conftest.o
configure:2613: $? = 0
configure:2626: result: yes
configure:2632: checking whether gcc accepts -g
configure:2653: gcc -c -g  conftest.c >&5
configure:2659: $? = 0
configure:2662: test -z 			 || test ! -s conftest.err
configure:2665: $? = 0
configure:2668: test -s conftest.o
configure:2671: $? = 0
configure:2682: result: yes
configure:2699: checking for gcc option to accept ANSI C
configure:2769: gcc  -c -g -O2  conftest.c >&5
configure:2775: $? = 0
configure:2778: test -z 			 || test ! -s conftest.err
configure:2781: $? = 0
configure:2784: test -s conftest.o
configure:2787: $? = 0
configure:2805: result: none needed
configure:2823: gcc -c -g -O2  conftest.c >&5
conftest.c:2: error: expected '=', ',', ';', 'asm' or '__attribute__' before 'me'
configure:2829: $? = 1
configure: failed program was:
| #ifndef __cplusplus
|   choke me
| #endif
configure:2970: checking for style of include used by make
configure:2998: result: GNU
configure:3026: checking dependency style of gcc
configure:3116: result: gcc3
configure:3185: checking for g++
configure:3201: found /usr/bin/g++
configure:3211: result: g++
configure:3227: checking for C++ compiler version
configure:3230: g++ --version </dev/null >&5
g++ (GCC) 4.2.3 (Debian 4.2.3-2)
Copyright (C) 2007 Free Software Foundation, Inc.
This is free software; see the source for copying conditions.  There is NO
warranty; not even for MERCHANTABILITY or FITNESS FOR A PARTICULAR PURPOSE.

configure:3233: $? = 0
configure:3235: g++ -v </dev/null >&5
Using built-in specs.
Target: x86_64-linux-gnu
Configured with: ../src/configure -v --enable-languages=c,c++,fortran,objc,obj-c++,treelang --prefix=/usr --enable-shared --with-system-zlib --libexecdir=/usr/lib --without-included-gettext --enable-threads=posix --enable-nls --with-gxx-include-dir=/usr/include/c++/4.2 --program-suffix=-4.2 --enable-clocale=gnu --enable-libstdcxx-debug --enable-objc-gc --enable-mpfr --disable-libmudflap --enable-checking=release --build=x86_64-linux-gnu --host=x86_64-linux-gnu --target=x86_64-linux-gnu
Thread model: posix
gcc version 4.2.3 (Debian 4.2.3-2)
configure:3238: $? = 0
configure:3240: g++ -V </dev/null >&5
g++: '-V' option must have argument
configure:3243: $? = 1
configure:3246: checking whether we are using the GNU C++ compiler
configure:3270: g++ -c   conftest.cc >&5
configure:3276: $? = 0
configure:3279: test -z 			 || test ! -s conftest.err
configure:3282: $? = 0
configure:3285: test -s conftest.o
configure:3288: $? = 0
configure:3301: result: yes
configure:3307: checking whether g++ accepts -g
configure:3328: g++ -c -g  conftest.cc >&5
configure:3334: $? = 0
configure:3337: test -z 			 || test ! -s conftest.err
configure:3340: $? = 0
configure:3343: test -s conftest.o
configure:3346: $? = 0
configure:3357: result: yes
configure:3399: g++ -c -g -O2  conftest.cc >&5
configure:3405: $? = 0
configure:3408: test -z 			 || test ! -s conftest.err
configure:3411: $? = 0
configure:3414: test -s conftest.o
configure:3417: $? = 0
configure:3443: g++ -c -g -O2  conftest.cc >&5
conftest.cc: In function 'int main()':
conftest.cc:15: error: 'exit' was not declared in this scope
configure:3449: $? = 1
configure: failed program was:
| /* confdefs.h.  */
| 
| #define PACKAGE_NAME "libjingle"
| #define PACKAGE_TARNAME "libjingle"
| #define PACKAGE_VERSION "0.4.0"
| #define PACKAGE_STRING "libjingle 0.4.0"
| #define PACKAGE_BUGREPORT "google-talk-open@googlegroups.com"
| #define PACKAGE "libjingle"
| #define VERSION "0.4.0"
| /* end confdefs.h.  */
| 
| int
| main ()
| {
| exit (42);
|   ;
|   return 0;
| }
configure:3399: g++ -c -g -O2  conftest.cc >&5
conftest.cc:11: error: 'void std::exit(int)' should have been declared inside 'std'
configure:3405: $? = 1
configure: failed program was:
| /* confdefs.h.  */
| 
| #define PACKAGE_NAME "libjingle"
| #define PACKAGE_TARNAME "libjingle"
| #define PACKAGE_VERSION "0.4.0"
| #define PACKAGE_STRING "libjingle 0.4.0"
| #define PACKAGE_BUGREPORT "google-talk-open@googlegroups.com"
| #define PACKAGE "libjingle"
| #define VERSION "0.4.0"
| /* end confdefs.h.  */
| extern "C" void std::exit (int) throw (); using std::exit;
| #include <stdlib.h>
| int
| main ()
| {
| exit (42);
|   ;
|   return 0;
| }
configure:3399: g++ -c -g -O2  conftest.cc >&5
conftest.cc:11: error: 'void std::exit(int)' should have been declared inside 'std'
In file included from conftest.cc:12:
/usr/include/stdlib.h:531: error: declaration of 'void std::exit(int) throw ()' throws different exceptions
conftest.cc:11: error: from previous declaration 'void std::exit(int)'
configure:3405: $? = 1
configure: failed program was:
| /* confdefs.h.  */
| 
| #define PACKAGE_NAME "libjingle"
| #define PACKAGE_TARNAME "libjingle"
| #define PACKAGE_VERSION "0.4.0"
| #define PACKAGE_STRING "libjingle 0.4.0"
| #define PACKAGE_BUGREPORT "google-talk-open@googlegroups.com"
| #define PACKAGE "libjingle"
| #define VERSION "0.4.0"
| /* end confdefs.h.  */
| extern "C" void std::exit (int); using std::exit;
| #include <stdlib.h>
| int
| main ()
| {
| exit (42);
|   ;
|   return 0;
| }
configure:3399: g++ -c -g -O2  conftest.cc >&5
configure:3405: $? = 0
configure:3408: test -z 			 || test ! -s conftest.err
configure:3411: $? = 0
configure:3414: test -s conftest.o
configure:3417: $? = 0
configure:3443: g++ -c -g -O2  conftest.cc >&5
configure:3449: $? = 0
configure:3452: test -z 			 || test ! -s conftest.err
configure:3455: $? = 0
configure:3458: test -s conftest.o
configure:3461: $? = 0
configure:3486: checking dependency style of g++
configure:3576: result: gcc3
configure:3665: checking for a sed that does not truncate output
configure:3719: result: /bin/sed
configure:3722: checking for egrep
configure:3732: result: grep -E
configure:3748: checking for ld used by gcc
configure:3815: result: /usr/bin/ld
configure:3824: checking if the linker (/usr/bin/ld) is GNU ld
configure:3839: result: yes
configure:3844: checking for /usr/bin/ld option to reload object files
configure:3851: result: -r
configure:3869: checking for BSD-compatible nm
configure:3918: result: /usr/bin/nm -B
configure:3922: checking whether ln -s works
configure:3926: result: yes
configure:3933: checking how to recognise dependent libraries
configure:4109: result: pass_all
configure:4197: gcc -c -g -O2  conftest.c >&5
configure:4200: $? = 0
configure:4345: checking how to run the C preprocessor
configure:4380: gcc -E  conftest.c
configure:4386: $? = 0
configure:4418: gcc -E  conftest.c
conftest.c:14:28: error: ac_nonexistent.h: No such file or directory
configure:4424: $? = 1
configure: failed program was:
| /* confdefs.h.  */
| 
| #define PACKAGE_NAME "libjingle"
| #define PACKAGE_TARNAME "libjingle"
| #define PACKAGE_VERSION "0.4.0"
| #define PACKAGE_STRING "libjingle 0.4.0"
| #define PACKAGE_BUGREPORT "google-talk-open@googlegroups.com"
| #define PACKAGE "libjingle"
| #define VERSION "0.4.0"
| #ifdef __cplusplus
| extern "C" void exit (int) throw ();
| #endif
| /* end confdefs.h.  */
| #include <ac_nonexistent.h>
configure:4463: result: gcc -E
configure:4487: gcc -E  conftest.c
configure:4493: $? = 0
configure:4525: gcc -E  conftest.c
conftest.c:14:28: error: ac_nonexistent.h: No such file or directory
configure:4531: $? = 1
configure: failed program was:
| /* confdefs.h.  */
| 
| #define PACKAGE_NAME "libjingle"
| #define PACKAGE_TARNAME "libjingle"
| #define PACKAGE_VERSION "0.4.0"
| #define PACKAGE_STRING "libjingle 0.4.0"
| #define PACKAGE_BUGREPORT "google-talk-open@googlegroups.com"
| #define PACKAGE "libjingle"
| #define VERSION "0.4.0"
| #ifdef __cplusplus
| extern "C" void exit (int) throw ();
| #endif
| /* end confdefs.h.  */
| #include <ac_nonexistent.h>
configure:4575: checking for ANSI C header files
configure:4600: gcc -c -g -O2  conftest.c >&5
configure:4606: $? = 0
configure:4609: test -z 			 || test ! -s conftest.err
configure:4612: $? = 0
configure:4615: test -s conftest.o
configure:4618: $? = 0
configure:4707: gcc -o conftest -g -O2   conftest.c  >&5
conftest.c: In function 'main':
conftest.c:31: warning: incompatible implicit declaration of built-in function 'exit'
configure:4710: $? = 0
configure:4712: ./conftest
configure:4715: $? = 0
configure:4730: result: yes
configure:4754: checking for sys/types.h
configure:4770: gcc -c -g -O2  conftest.c >&5
configure:4776: $? = 0
configure:4779: test -z 			 || test ! -s conftest.err
configure:4782: $? = 0
configure:4785: test -s conftest.o
configure:4788: $? = 0
configure:4799: result: yes
configure:4754: checking for sys/stat.h
configure:4770: gcc -c -g -O2  conftest.c >&5
configure:4776: $? = 0
configure:4779: test -z 			 || test ! -s conftest.err
configure:4782: $? = 0
configure:4785: test -s conftest.o
configure:4788: $? = 0
configure:4799: result: yes
configure:4754: checking for stdlib.h
configure:4770: gcc -c -g -O2  conftest.c >&5
configure:4776: $? = 0
configure:4779: test -z 			 || test ! -s conftest.err
configure:4782: $? = 0
configure:4785: test -s conftest.o
configure:4788: $? = 0
configure:4799: result: yes
configure:4754: checking for string.h
configure:4770: gcc -c -g -O2  conftest.c >&5
configure:4776: $? = 0
configure:4779: test -z 			 || test ! -s conftest.err
configure:4782: $? = 0
configure:4785: test -s conftest.o
configure:4788: $? = 0
configure:4799: result: yes
configure:4754: checking for memory.h
configure:4770: gcc -c -g -O2  conftest.c >&5
configure:4776: $? = 0
configure:4779: test -z 			 || test ! -s conftest.err
configure:4782: $? = 0
configure:4785: test -s conftest.o
configure:4788: $? = 0
configure:4799: result: yes
configure:4754: checking for strings.h
configure:4770: gcc -c -g -O2  conftest.c >&5
configure:4776: $? = 0
configure:4779: test -z 			 || test ! -s conftest.err
configure:4782: $? = 0
configure:4785: test -s conftest.o
configure:4788: $? = 0
configure:4799: result: yes
configure:4754: checking for inttypes.h
configure:4770: gcc -c -g -O2  conftest.c >&5
configure:4776: $? = 0
configure:4779: test -z 			 || test ! -s conftest.err
configure:4782: $? = 0
configure:4785: test -s conftest.o
configure:4788: $? = 0
configure:4799: result: yes
configure:4754: checking for stdint.h
configure:4770: gcc -c -g -O2  conftest.c >&5
configure:4776: $? = 0
configure:4779: test -z 			 || test ! -s conftest.err
configure:4782: $? = 0
configure:4785: test -s conftest.o
configure:4788: $? = 0
configure:4799: result: yes
configure:4754: checking for unistd.h
configure:4770: gcc -c -g -O2  conftest.c >&5
configure:4776: $? = 0
configure:4779: test -z 			 || test ! -s conftest.err
configure:4782: $? = 0
configure:4785: test -s conftest.o
configure:4788: $? = 0
configure:4799: result: yes
configure:4825: checking dlfcn.h usability
configure:4837: gcc -c -g -O2  conftest.c >&5
configure:4843: $? = 0
configure:4846: test -z 			 || test ! -s conftest.err
configure:4849: $? = 0
configure:4852: test -s conftest.o
configure:4855: $? = 0
configure:4865: result: yes
configure:4869: checking dlfcn.h presence
configure:4879: gcc -E  conftest.c
configure:4885: $? = 0
configure:4905: result: yes
configure:4940: checking for dlfcn.h
configure:4947: result: yes
configure:4970: checking how to run the C++ preprocessor
configure:5001: g++ -E  conftest.cc
configure:5007: $? = 0
configure:5039: g++ -E  conftest.cc
conftest.cc:25:28: error: ac_nonexistent.h: No such file or directory
configure:5045: $? = 1
configure: failed program was:
| /* confdefs.h.  */
| 
| #define PACKAGE_NAME "libjingle"
| #define PACKAGE_TARNAME "libjingle"
| #define PACKAGE_VERSION "0.4.0"
| #define PACKAGE_STRING "libjingle 0.4.0"
| #define PACKAGE_BUGREPORT "google-talk-open@googlegroups.com"
| #define PACKAGE "libjingle"
| #define VERSION "0.4.0"
| #ifdef __cplusplus
| extern "C" void exit (int) throw ();
| #endif
| #define STDC_HEADERS 1
| #define HAVE_SYS_TYPES_H 1
| #define HAVE_SYS_STAT_H 1
| #define HAVE_STDLIB_H 1
| #define HAVE_STRING_H 1
| #define HAVE_MEMORY_H 1
| #define HAVE_STRINGS_H 1
| #define HAVE_INTTYPES_H 1
| #define HAVE_STDINT_H 1
| #define HAVE_UNISTD_H 1
| #define HAVE_DLFCN_H 1
| /* end confdefs.h.  */
| #include <ac_nonexistent.h>
configure:5084: result: g++ -E
configure:5108: g++ -E  conftest.cc
configure:5114: $? = 0
configure:5146: g++ -E  conftest.cc
conftest.cc:25:28: error: ac_nonexistent.h: No such file or directory
configure:5152: $? = 1
configure: failed program was:
| /* confdefs.h.  */
| 
| #define PACKAGE_NAME "libjingle"
| #define PACKAGE_TARNAME "libjingle"
| #define PACKAGE_VERSION "0.4.0"
| #define PACKAGE_STRING "libjingle 0.4.0"
| #define PACKAGE_BUGREPORT "google-talk-open@googlegroups.com"
| #define PACKAGE "libjingle"
| #define VERSION "0.4.0"
| #ifdef __cplusplus
| extern "C" void exit (int) throw ();
| #endif
| #define STDC_HEADERS 1
| #define HAVE_SYS_TYPES_H 1
| #define HAVE_SYS_STAT_H 1
| #define HAVE_STDLIB_H 1
| #define HAVE_STRING_H 1
| #define HAVE_MEMORY_H 1
| #define HAVE_STRINGS_H 1
| #define HAVE_INTTYPES_H 1
| #define HAVE_STDINT_H 1
| #define HAVE_UNISTD_H 1
| #define HAVE_DLFCN_H 1
| /* end confdefs.h.  */
| #include <ac_nonexistent.h>
configure:5249: checking for g77
configure:5278: result: no
configure:5249: checking for f77
configure:5278: result: no
configure:5249: checking for xlf
configure:5278: result: no
configure:5249: checking for frt
configure:5278: result: no
configure:5249: checking for pgf77
configure:5278: result: no
configure:5249: checking for fort77
configure:5278: result: no
configure:5249: checking for fl32
configure:5278: result: no
configure:5249: checking for af77
configure:5278: result: no
configure:5249: checking for f90
configure:5278: result: no
configure:5249: checking for xlf90
configure:5278: result: no
configure:5249: checking for pgf90
configure:5278: result: no
configure:5249: checking for epcf90
configure:5278: result: no
configure:5249: checking for f95
configure:5265: found /usr/bin/f95
configure:5275: result: f95
configure:5290: checking for Fortran 77 compiler version
configure:5293: f95 --version </dev/null >&5
GNU Fortran (Debian 4.3.0-2) 4.3.1 20080321 (prerelease)
Copyright (C) 2008 Free Software Foundation, Inc.

GNU Fortran comes with NO WARRANTY, to the extent permitted by law.
You may redistribute copies of GNU Fortran
under the terms of the GNU General Public License.
For more information about these matters, see the file named COPYING

configure:5296: $? = 0
configure:5298: f95 -v </dev/null >&5
Using built-in specs.
Target: x86_64-linux-gnu
Configured with: ../src/configure linux gnu
Thread model: posix
gcc version 4.3.1 20080321 (prerelease) (Debian 4.3.0-2) 
configure:5301: $? = 0
configure:5303: f95 -V </dev/null >&5
f95: '-V' option must have argument
configure:5306: $? = 1
configure:5314: checking whether we are using the GNU Fortran 77 compiler
configure:5328: f95 -c  conftest.F >&5
configure:5334: $? = 0
configure:5337: test -z 			 || test ! -s conftest.err
configure:5340: $? = 0
configure:5343: test -s conftest.o
configure:5346: $? = 0
configure:5359: result: yes
configure:5365: checking whether f95 accepts -g
configure:5377: f95 -c -g conftest.f >&5
configure:5383: $? = 0
configure:5386: test -z 			 || test ! -s conftest.err
configure:5389: $? = 0
configure:5392: test -s conftest.o
configure:5395: $? = 0
configure:5407: result: yes
configure:5437: checking the maximum length of command line arguments
configure:5546: result: 32768
configure:5557: checking command to parse /usr/bin/nm -B output from gcc object
configure:5662: gcc -c -g -O2  conftest.c >&5
configure:5665: $? = 0
configure:5669: /usr/bin/nm -B conftest.o \| sed -n -e 's/^.*[ 	]\([ABCDGIRSTW][ABCDGIRSTW]*\)[ 	][ 	]*\([_A-Za-z][_A-Za-z0-9]*\)$/\1 \2 \2/p' \> conftest.nm
configure:5672: $? = 0
configure:5724: gcc -o conftest -g -O2   conftest.c conftstm.o >&5
configure:5727: $? = 0
configure:5765: result: ok
configure:5769: checking for objdir
configure:5784: result: .libs
configure:5874: checking for ar
configure:5890: found /usr/bin/ar
configure:5901: result: ar
configure:5954: checking for ranlib
configure:5970: found /usr/bin/ranlib
configure:5981: result: ranlib
configure:6034: checking for strip
configure:6050: found /usr/bin/strip
configure:6061: result: strip
configure:6333: checking if gcc supports -fno-rtti -fno-exceptions
configure:6351: gcc -c -g -O2  -fno-rtti -fno-exceptions conftest.c >&5
cc1: warning: command line option "-fno-rtti" is valid for C++/ObjC++ but not for C
configure:6355: $? = 0
configure:6368: result: no
configure:6383: checking for gcc option to produce PIC
configure:6593: result: -fPIC
configure:6601: checking if gcc PIC flag -fPIC works
configure:6619: gcc -c -g -O2  -fPIC -DPIC conftest.c >&5
configure:6623: $? = 0
configure:6636: result: yes
configure:6664: checking if gcc static flag -static works
configure:6692: result: yes
configure:6702: checking if gcc supports -c -o file.o
configure:6723: gcc -c -g -O2  -o out/conftest2.o conftest.c >&5
configure:6727: $? = 0
configure:6749: result: yes
configure:6775: checking whether the gcc linker (/usr/bin/ld -m elf_x86_64) supports shared libraries
configure:7741: result: yes
configure:7762: checking whether -lc should be explicitly linked in
configure:7767: gcc -c -g -O2  conftest.c >&5
configure:7770: $? = 0
configure:7785: gcc -shared conftest.o  -v -Wl,-soname -Wl,conftest -o conftest 2\>\&1 \| grep  -lc  \>/dev/null 2\>\&1
configure:7788: $? = 0
configure:7800: result: no
configure:7808: checking dynamic linker characteristics
configure:8408: result: GNU/Linux ld.so
configure:8417: checking how to hardcode library paths into programs
configure:8442: result: immediate
configure:8456: checking whether stripping libraries is possible
configure:8461: result: yes
configure:9288: checking if libtool supports shared libraries
configure:9290: result: yes
configure:9293: checking whether to build shared libraries
configure:9314: result: yes
configure:9317: checking whether to build static libraries
configure:9321: result: yes
configure:9413: creating libtool
configure:10001: checking for ld used by g++
configure:10068: result: /usr/bin/ld -m elf_x86_64
configure:10077: checking if the linker (/usr/bin/ld -m elf_x86_64) is GNU ld
configure:10092: result: yes
configure:10143: checking whether the g++ linker (/usr/bin/ld -m elf_x86_64) supports shared libraries
configure:11079: result: yes
configure:11097: g++ -c -g -O2  conftest.cpp >&5
configure:11100: $? = 0
configure:11219: checking for g++ option to produce PIC
configure:11493: result: -fPIC
configure:11501: checking if g++ PIC flag -fPIC works
configure:11519: g++ -c -g -O2  -fPIC -DPIC conftest.cpp >&5
configure:11523: $? = 0
configure:11536: result: yes
configure:11564: checking if g++ static flag -static works
configure:11592: result: yes
configure:11602: checking if g++ supports -c -o file.o
configure:11623: g++ -c -g -O2  -o out/conftest2.o conftest.cpp >&5
configure:11627: $? = 0
configure:11649: result: yes
configure:11675: checking whether the g++ linker (/usr/bin/ld -m elf_x86_64) supports shared libraries
configure:11706: result: yes
configure:11773: checking dynamic linker characteristics
configure:12373: result: GNU/Linux ld.so
configure:12382: checking how to hardcode library paths into programs
configure:12407: result: immediate
configure:12933: checking if libtool supports shared libraries
configure:12935: result: yes
configure:12938: checking whether to build shared libraries
configure:12958: result: yes
configure:12961: checking whether to build static libraries
configure:12965: result: yes
configure:12975: checking for f95 option to produce PIC
configure:13185: result: -fPIC
configure:13193: checking if f95 PIC flag -fPIC works
configure:13211: f95 -c -g -O2 -fPIC conftest.f >&5
configure:13215: $? = 0
configure:13228: result: yes
configure:13256: checking if f95 static flag -static works
configure:13284: result: yes
configure:13294: checking if f95 supports -c -o file.o
configure:13315: f95 -c -g -O2 -o out/conftest2.o conftest.f >&5
configure:13319: $? = 0
configure:13341: result: yes
configure:13367: checking whether the f95 linker (/usr/bin/ld -m elf_x86_64) supports shared libraries
configure:14313: result: yes
configure:14380: checking dynamic linker characteristics
configure:14980: result: GNU/Linux ld.so
configure:14989: checking how to hardcode library paths into programs
configure:15014: result: immediate
configure:18611: checking for a BSD-compatible install
configure:18666: result: /usr/bin/install -c
configure:18714: checking for XML_ParserCreate in -lexpat
configure:18744: gcc -o conftest -g -O2   conftest.c -lexpat   >&5
configure:18750: $? = 0
configure:18753: test -z 			 || test ! -s conftest.err
configure:18756: $? = 0
configure:18759: test -s conftest
configure:18762: $? = 0
configure:18775: result: yes
configure:18835: checking alsa/asoundlib.h usability
configure:18847: gcc -c -g -O2  conftest.c >&5
conftest.c:67:28: error: alsa/asoundlib.h: No such file or directory
configure:18853: $? = 1
configure: failed program was:
| /* confdefs.h.  */
| 
| #define PACKAGE_NAME "libjingle"
| #define PACKAGE_TARNAME "libjingle"
| #define PACKAGE_VERSION "0.4.0"
| #define PACKAGE_STRING "libjingle 0.4.0"
| #define PACKAGE_BUGREPORT "google-talk-open@googlegroups.com"
| #define PACKAGE "libjingle"
| #define VERSION "0.4.0"
| #ifdef __cplusplus
| extern "C" void exit (int) throw ();
| #endif
| #define STDC_HEADERS 1
| #define HAVE_SYS_TYPES_H 1
| #define HAVE_SYS_STAT_H 1
| #define HAVE_STDLIB_H 1
| #define HAVE_STRING_H 1
| #define HAVE_MEMORY_H 1
| #define HAVE_STRINGS_H 1
| #define HAVE_INTTYPES_H 1
| #define HAVE_STDINT_H 1
| #define HAVE_UNISTD_H 1
| #define HAVE_DLFCN_H 1
| #define PRODUCTION_BUILD 1
| #define PRODUCTION 1
| #define POSIX 1
| #define FEATURE_ENABLE_SSL 1
| #define FEATURE_ENABLE_CHAT_ARCHIVING 1
| #define FEATURE_ENABLE_VOICEMAIL 1
| #define LOGGING 1
| #define LINUX 1
| /* end confdefs.h.  */
| #include <stdio.h>
| #if HAVE_SYS_TYPES_H
| # include <sys/types.h>
| #endif
| #if HAVE_SYS_STAT_H
| # include <sys/stat.h>
| #endif
| #if STDC_HEADERS
| # include <stdlib.h>
| # include <stddef.h>
| #else
| # if HAVE_STDLIB_H
| #  include <stdlib.h>
| # endif
| #endif
| #if HAVE_STRING_H
| # if !STDC_HEADERS && HAVE_MEMORY_H
| #  include <memory.h>
| # endif
| # include <string.h>
| #endif
| #if HAVE_STRINGS_H
| # include <strings.h>
| #endif
| #if HAVE_INTTYPES_H
| # include <inttypes.h>
| #else
| # if HAVE_STDINT_H
| #  include <stdint.h>
| # endif
| #endif
| #if HAVE_UNISTD_H
| # include <unistd.h>
| #endif
| #include <alsa/asoundlib.h>
configure:18875: result: no
configure:18879: checking alsa/asoundlib.h presence
configure:18889: gcc -E  conftest.c
conftest.c:33:28: error: alsa/asoundlib.h: No such file or directory
configure:18895: $? = 1
configure: failed program was:
| /* confdefs.h.  */
| 
| #define PACKAGE_NAME "libjingle"
| #define PACKAGE_TARNAME "libjingle"
| #define PACKAGE_VERSION "0.4.0"
| #define PACKAGE_STRING "libjingle 0.4.0"
| #define PACKAGE_BUGREPORT "google-talk-open@googlegroups.com"
| #define PACKAGE "libjingle"
| #define VERSION "0.4.0"
| #ifdef __cplusplus
| extern "C" void exit (int) throw ();
| #endif
| #define STDC_HEADERS 1
| #define HAVE_SYS_TYPES_H 1
| #define HAVE_SYS_STAT_H 1
| #define HAVE_STDLIB_H 1
| #define HAVE_STRING_H 1
| #define HAVE_MEMORY_H 1
| #define HAVE_STRINGS_H 1
| #define HAVE_INTTYPES_H 1
| #define HAVE_STDINT_H 1
| #define HAVE_UNISTD_H 1
| #define HAVE_DLFCN_H 1
| #define PRODUCTION_BUILD 1
| #define PRODUCTION 1
| #define POSIX 1
| #define FEATURE_ENABLE_SSL 1
| #define FEATURE_ENABLE_CHAT_ARCHIVING 1
| #define FEATURE_ENABLE_VOICEMAIL 1
| #define LOGGING 1
| #define LINUX 1
| /* end confdefs.h.  */
| #include <alsa/asoundlib.h>
configure:18915: result: no
configure:18950: checking for alsa/asoundlib.h
configure:18957: result: no
configure:19050: checking for pkg-config
configure:19068: found /usr/bin/pkg-config
configure:19081: result: /usr/bin/pkg-config
configure:19098: checking for glib-2.0 gmodule-2.0 gthread-2.0
configure:19102: result: yes
configure:19106: checking GLIB_CFLAGS
configure:19109: result: -pthread -I/usr/include/glib-2.0 -I/usr/lib/glib-2.0/include  
configure:19112: checking GLIB_LIBS
configure:19115: result: -Wl,--export-dynamic -pthread -lgmodule-2.0 -ldl -lgthread-2.0 -lrt -lglib-2.0  
configure:19208: checking for ortp >= 0.7.0
configure:19212: result: yes
configure:19216: checking ORTP_CFLAGS
configure:19219: result: -D_REENTRANT -I/usr/local/include  
configure:19222: checking ORTP_LIBS
configure:19225: result: -L/usr/local/lib -lortp -lpthread  
configure:19289: checking speex.h usability
configure:19301: gcc -c -g -O2  conftest.c >&5
conftest.c:69:19: error: speex.h: No such file or directory
configure:19307: $? = 1
configure: failed program was:
| /* confdefs.h.  */
| 
| #define PACKAGE_NAME "libjingle"
| #define PACKAGE_TARNAME "libjingle"
| #define PACKAGE_VERSION "0.4.0"
| #define PACKAGE_STRING "libjingle 0.4.0"
| #define PACKAGE_BUGREPORT "google-talk-open@googlegroups.com"
| #define PACKAGE "libjingle"
| #define VERSION "0.4.0"
| #ifdef __cplusplus
| extern "C" void exit (int) throw ();
| #endif
| #define STDC_HEADERS 1
| #define HAVE_SYS_TYPES_H 1
| #define HAVE_SYS_STAT_H 1
| #define HAVE_STDLIB_H 1
| #define HAVE_STRING_H 1
| #define HAVE_MEMORY_H 1
| #define HAVE_STRINGS_H 1
| #define HAVE_INTTYPES_H 1
| #define HAVE_STDINT_H 1
| #define HAVE_UNISTD_H 1
| #define HAVE_DLFCN_H 1
| #define PRODUCTION_BUILD 1
| #define PRODUCTION 1
| #define POSIX 1
| #define FEATURE_ENABLE_SSL 1
| #define FEATURE_ENABLE_CHAT_ARCHIVING 1
| #define FEATURE_ENABLE_VOICEMAIL 1
| #define LOGGING 1
| #define LINUX 1
| #define HAVE_GLIB 1
| #define HAVE_ORTP 1
| /* end confdefs.h.  */
| #include <stdio.h>
| #if HAVE_SYS_TYPES_H
| # include <sys/types.h>
| #endif
| #if HAVE_SYS_STAT_H
| # include <sys/stat.h>
| #endif
| #if STDC_HEADERS
| # include <stdlib.h>
| # include <stddef.h>
| #else
| # if HAVE_STDLIB_H
| #  include <stdlib.h>
| # endif
| #endif
| #if HAVE_STRING_H
| # if !STDC_HEADERS && HAVE_MEMORY_H
| #  include <memory.h>
| # endif
| # include <string.h>
| #endif
| #if HAVE_STRINGS_H
| # include <strings.h>
| #endif
| #if HAVE_INTTYPES_H
| # include <inttypes.h>
| #else
| # if HAVE_STDINT_H
| #  include <stdint.h>
| # endif
| #endif
| #if HAVE_UNISTD_H
| # include <unistd.h>
| #endif
| #include <speex.h>
configure:19329: result: no
configure:19333: checking speex.h presence
configure:19343: gcc -E  conftest.c
conftest.c:35:19: error: speex.h: No such file or directory
configure:19349: $? = 1
configure: failed program was:
| /* confdefs.h.  */
| 
| #define PACKAGE_NAME "libjingle"
| #define PACKAGE_TARNAME "libjingle"
| #define PACKAGE_VERSION "0.4.0"
| #define PACKAGE_STRING "libjingle 0.4.0"
| #define PACKAGE_BUGREPORT "google-talk-open@googlegroups.com"
| #define PACKAGE "libjingle"
| #define VERSION "0.4.0"
| #ifdef __cplusplus
| extern "C" void exit (int) throw ();
| #endif
| #define STDC_HEADERS 1
| #define HAVE_SYS_TYPES_H 1
| #define HAVE_SYS_STAT_H 1
| #define HAVE_STDLIB_H 1
| #define HAVE_STRING_H 1
| #define HAVE_MEMORY_H 1
| #define HAVE_STRINGS_H 1
| #define HAVE_INTTYPES_H 1
| #define HAVE_STDINT_H 1
| #define HAVE_UNISTD_H 1
| #define HAVE_DLFCN_H 1
| #define PRODUCTION_BUILD 1
| #define PRODUCTION 1
| #define POSIX 1
| #define FEATURE_ENABLE_SSL 1
| #define FEATURE_ENABLE_CHAT_ARCHIVING 1
| #define FEATURE_ENABLE_VOICEMAIL 1
| #define LOGGING 1
| #define LINUX 1
| #define HAVE_GLIB 1
| #define HAVE_ORTP 1
| /* end confdefs.h.  */
| #include <speex.h>
configure:19369: result: no
configure:19404: checking for speex.h
configure:19411: result: no
configure:19511: checking speex/speex.h usability
configure:19523: gcc -c -g -O2  conftest.c >&5
configure:19529: $? = 0
configure:19532: test -z 			 || test ! -s conftest.err
configure:19535: $? = 0
configure:19538: test -s conftest.o
configure:19541: $? = 0
configure:19551: result: yes
configure:19555: checking speex/speex.h presence
configure:19565: gcc -E  conftest.c
configure:19571: $? = 0
configure:19591: result: yes
configure:19626: checking for speex/speex.h
configure:19633: result: yes
configure:19641: checking for speex_encode_int in -lspeex
configure:19671: gcc -o conftest -g -O2   conftest.c -lspeex   >&5
configure:19677: $? = 0
configure:19680: test -z 			 || test ! -s conftest.err
configure:19683: $? = 0
configure:19686: test -s conftest
configure:19689: $? = 0
configure:19702: result: yes
configure:19774: checking iLBC_decode.h usability
configure:19786: gcc -c -g -O2  -I/usr/local/include/ilbc conftest.c >&5
configure:19792: $? = 0
configure:19795: test -z 			 || test ! -s conftest.err
configure:19798: $? = 0
configure:19801: test -s conftest.o
configure:19804: $? = 0
configure:19814: result: yes
configure:19818: checking iLBC_decode.h presence
configure:19828: gcc -E  -I/usr/local/include/ilbc conftest.c
configure:19834: $? = 0
configure:19854: result: yes
configure:19889: checking for iLBC_decode.h
configure:19896: result: yes
configure:19904: checking for iLBC_decode in -lilbc
configure:19934: gcc -o conftest -g -O2  -I/usr/local/include/ilbc -L/usr/local/lib -lilbc -lm conftest.c -lilbc   >&5
configure:19940: $? = 0
configure:19943: test -z 			 || test ! -s conftest.err
configure:19946: $? = 0
configure:19949: test -s conftest
configure:19952: $? = 0
configure:19965: result: yes
configure:20157: creating ./config.status

## ---------------------- ##
## Running config.status. ##
## ---------------------- ##

This file was extended by libjingle config.status 0.4.0, which was
generated by GNU Autoconf 2.59.  Invocation command line was

  CONFIG_FILES    = 
  CONFIG_HEADERS  = 
  CONFIG_LINKS    = 
  CONFIG_COMMANDS = 
  $ ./config.status 

on shannon

config.status:791: creating Makefile
config.status:791: creating talk/Makefile
config.status:791: creating talk/base/Makefile
config.status:791: creating talk/third_party/Makefile
config.status:791: creating talk/third_party/gips/Makefile
config.status:791: creating talk/third_party/mediastreamer/Makefile
config.status:791: creating talk/examples/Makefile
config.status:791: creating talk/examples/login/Makefile
config.status:791: creating talk/examples/call/Makefile
config.status:791: creating talk/examples/pcp/Makefile
config.status:791: creating talk/p2p/Makefile
config.status:791: creating talk/p2p/base/Makefile
config.status:791: creating talk/p2p/client/Makefile
config.status:791: creating talk/session/Makefile
config.status:791: creating talk/session/fileshare/Makefile
config.status:791: creating talk/session/tunnel/Makefile
config.status:791: creating talk/session/phone/Makefile
config.status:791: creating talk/xmllite/Makefile
config.status:791: creating talk/xmpp/Makefile
config.status:857: creating config.h
config.status:993: config.h is unchanged
config.status:1173: executing depfiles commands

## ---------------- ##
## Cache variables. ##
## ---------------- ##

ac_cv_build=x86_64-unknown-linux-gnu
ac_cv_build_alias=x86_64-unknown-linux-gnu
ac_cv_c_compiler_gnu=yes
ac_cv_cxx_compiler_gnu=yes
ac_cv_env_CC_set=
ac_cv_env_CC_value=
ac_cv_env_CFLAGS_set=
ac_cv_env_CFLAGS_value=
ac_cv_env_CPPFLAGS_set=
ac_cv_env_CPPFLAGS_value=
ac_cv_env_CPP_set=
ac_cv_env_CPP_value=
ac_cv_env_CXXCPP_set=
ac_cv_env_CXXCPP_value=
ac_cv_env_CXXFLAGS_set=
ac_cv_env_CXXFLAGS_value=
ac_cv_env_CXX_set=
ac_cv_env_CXX_value=
ac_cv_env_F77_set=
ac_cv_env_F77_value=
ac_cv_env_FFLAGS_set=
ac_cv_env_FFLAGS_value=
ac_cv_env_LDFLAGS_set=
ac_cv_env_LDFLAGS_value=
ac_cv_env_build_alias_set=
ac_cv_env_build_alias_value=
ac_cv_env_host_alias_set=
ac_cv_env_host_alias_value=
ac_cv_env_target_alias_set=
ac_cv_env_target_alias_value=
ac_cv_exeext=
ac_cv_f77_compiler_gnu=yes
ac_cv_header_alsa_asoundlib_h=no
ac_cv_header_dlfcn_h=yes
ac_cv_header_iLBC_decode_h=yes
ac_cv_header_inttypes_h=yes
ac_cv_header_memory_h=yes
ac_cv_header_speex_h=no
ac_cv_header_speex_speex_h=yes
ac_cv_header_stdc=yes
ac_cv_header_stdint_h=yes
ac_cv_header_stdlib_h=yes
ac_cv_header_string_h=yes
ac_cv_header_strings_h=yes
ac_cv_header_sys_stat_h=yes
ac_cv_header_sys_types_h=yes
ac_cv_header_unistd_h=yes
ac_cv_host=x86_64-unknown-linux-gnu
ac_cv_host_alias=x86_64-unknown-linux-gnu
ac_cv_lib_expat_XML_ParserCreate=yes
ac_cv_lib_ilbc_iLBC_decode=yes
ac_cv_lib_speex_speex_encode_int=yes
ac_cv_objext=o
ac_cv_path_PKG_CONFIG=/usr/bin/pkg-config
ac_cv_path_install='/usr/bin/install -c'
ac_cv_prog_AWK=gawk
ac_cv_prog_CPP='gcc -E'
ac_cv_prog_CXXCPP='g++ -E'
ac_cv_prog_ac_ct_AR=ar
ac_cv_prog_ac_ct_CC=gcc
ac_cv_prog_ac_ct_CXX=g++
ac_cv_prog_ac_ct_F77=f95
ac_cv_prog_ac_ct_RANLIB=ranlib
ac_cv_prog_ac_ct_STRIP=strip
ac_cv_prog_cc_g=yes
ac_cv_prog_cc_stdc=
ac_cv_prog_cxx_g=yes
ac_cv_prog_egrep='grep -E'
ac_cv_prog_f77_g=yes
ac_cv_prog_make_make_set=yes
ac_cv_target=x86_64-unknown-linux-gnu
ac_cv_target_alias=x86_64-unknown-linux-gnu
am_cv_CC_dependencies_compiler_type=gcc3
am_cv_CXX_dependencies_compiler_type=gcc3
lt_cv_deplibs_check_method=pass_all
lt_cv_file_magic_cmd='$MAGIC_CMD'
lt_cv_file_magic_test_file=
lt_cv_ld_reload_flag=-r
lt_cv_objdir=.libs
lt_cv_path_LD=/usr/bin/ld
lt_cv_path_LDCXX='/usr/bin/ld -m elf_x86_64'
lt_cv_path_NM='/usr/bin/nm -B'
lt_cv_path_SED=/bin/sed
lt_cv_prog_compiler_c_o=yes
lt_cv_prog_compiler_c_o_CXX=yes
lt_cv_prog_compiler_c_o_F77=yes
lt_cv_prog_compiler_rtti_exceptions=no
lt_cv_prog_gnu_ld=yes
lt_cv_prog_gnu_ldcxx=yes
lt_cv_sys_global_symbol_pipe='sed -n -e '\''s/^.*[ 	]\([ABCDGIRSTW][ABCDGIRSTW]*\)[ 	][ 	]*\([_A-Za-z][_A-Za-z0-9]*\)$/\1 \2 \2/p'\'''
lt_cv_sys_global_symbol_to_c_name_address='sed -n -e '\''s/^: \([^ ]*\) $/  {\"\1\", (lt_ptr) 0},/p'\'' -e '\''s/^[BCDEGRST] \([^ ]*\) \([^ ]*\)$/  {"\2", (lt_ptr) \&\2},/p'\'''
lt_cv_sys_global_symbol_to_cdecl='sed -n -e '\''s/^. .* \(.*\)$/extern int \1;/p'\'''
lt_cv_sys_max_cmd_len=32768
lt_lt_cv_prog_compiler_c_o='"yes"'
lt_lt_cv_prog_compiler_c_o_CXX='"yes"'
lt_lt_cv_prog_compiler_c_o_F77='"yes"'
lt_lt_cv_sys_global_symbol_pipe='"sed -n -e '\''s/^.*[ 	]\\([ABCDGIRSTW][ABCDGIRSTW]*\\)[ 	][ 	]*\\([_A-Za-z][_A-Za-z0-9]*\\)\$/\\1 \\2 \\2/p'\''"'
lt_lt_cv_sys_global_symbol_to_c_name_address='"sed -n -e '\''s/^: \\([^ ]*\\) \$/  {\\\"\\1\\\", (lt_ptr) 0},/p'\'' -e '\''s/^[BCDEGRST] \\([^ ]*\\) \\([^ ]*\\)\$/  {\"\\2\", (lt_ptr) \\&\\2},/p'\''"'
lt_lt_cv_sys_global_symbol_to_cdecl='"sed -n -e '\''s/^. .* \\(.*\\)\$/extern int \\1;/p'\''"'

## ----------------- ##
## Output variables. ##
## ----------------- ##

ACLOCAL='${SHELL} /home/vu3rdd/src/jingle/libjingle-0.4.0/missing --run aclocal-1.9'
ALSA_LIBS=''
AMDEPBACKSLASH='\'
AMDEP_FALSE='#'
AMDEP_TRUE=''
AMTAR='${SHELL} /home/vu3rdd/src/jingle/libjingle-0.4.0/missing --run tar'
AR='ar'
AUTOCONF='${SHELL} /home/vu3rdd/src/jingle/libjingle-0.4.0/missing --run autoconf'
AUTOHEADER='${SHELL} /home/vu3rdd/src/jingle/libjingle-0.4.0/missing --run autoheader'
AUTOMAKE='${SHELL} /home/vu3rdd/src/jingle/libjingle-0.4.0/missing --run automake-1.9'
AWK='gawk'
CC='gcc'
CCDEPMODE='depmode=gcc3'
CFLAGS='-g -O2'
CPP='gcc -E'
CPPFLAGS=' -I/usr/include -I/usr/include/speex'
CXX='g++'
CXXCPP='g++ -E'
CXXDEPMODE='depmode=gcc3'
CXXFLAGS='-g -O2'
CYGPATH_W='echo'
DEFS='-DHAVE_CONFIG_H'
DEPDIR='.deps'
ECHO='echo'
ECHO_C=''
ECHO_N='-n'
ECHO_T=''
EGREP='grep -E'
EXEEXT=''
EXPAT_LIBS='-lexpat'
F77='f95'
FFLAGS='-g -O2'
GIPS_FALSE=''
GIPS_TRUE='#'
GLIB_CFLAGS='-pthread -I/usr/include/glib-2.0 -I/usr/lib/glib-2.0/include  '
GLIB_LIBS='-Wl,--export-dynamic -pthread -lgmodule-2.0 -ldl -lgthread-2.0 -lrt -lglib-2.0  '
ILBC_CFLAGS=' -I/usr/local/include/ilbc'
ILBC_LIBS='-L/usr/local/lib -lilbc -lm'
INSTALL_DATA='${INSTALL} -m 644'
INSTALL_PROGRAM='${INSTALL}'
INSTALL_SCRIPT='${INSTALL}'
INSTALL_STRIP_PROGRAM='${SHELL} $(install_sh) -c -s'
LDFLAGS='-L/usr/lib -L/usr/speex/lib -lspeex -lm'
LIBOBJS=''
LIBS=''
LIBTOOL='$(SHELL) $(top_builddir)/libtool --silent'
LN_S='ln -s'
LTLIBOBJS=''
MAKEINFO='${SHELL} /home/vu3rdd/src/jingle/libjingle-0.4.0/missing --run makeinfo'
MEDIA_LIBS='/home/vu3rdd/src/jingle/libjingle-0.4.0/talk/third_party/mediastreamer/libmediastreamer.la -lasound'
OBJEXT='o'
ORTP_CFLAGS='-D_REENTRANT -I/usr/local/include  '
ORTP_LIBS='-L/usr/local/lib -lortp -lpthread  '
PACKAGE='libjingle'
PACKAGE_BUGREPORT='google-talk-open@googlegroups.com'
PACKAGE_NAME='libjingle'
PACKAGE_STRING='libjingle 0.4.0'
PACKAGE_TARNAME='libjingle'
PACKAGE_VERSION='0.4.0'
PATH_SEPARATOR=':'
PHONE_FALSE='#'
PHONE_TRUE=''
PKG_CONFIG='/usr/bin/pkg-config'
RANLIB='ranlib'
SET_MAKE=''
SHELL='/bin/sh'
SPEEX_CFLAGS=' -I/usr/include -I/usr/include/speex'
SPEEX_LIBS='-L/usr/lib -L/usr/speex/lib -lspeex -lm'
STRIP='strip'
VERSION='0.4.0'
ac_ct_AR='ar'
ac_ct_CC='gcc'
ac_ct_CXX='g++'
ac_ct_F77='f95'
ac_ct_RANLIB='ranlib'
ac_ct_STRIP='strip'
am__fastdepCC_FALSE='#'
am__fastdepCC_TRUE=''
am__fastdepCXX_FALSE='#'
am__fastdepCXX_TRUE=''
am__include='include'
am__leading_dot='.'
am__quote=''
am__tar='${AMTAR} chof - "$$tardir"'
am__untar='${AMTAR} xf -'
bindir='${exec_prefix}/bin'
build='x86_64-unknown-linux-gnu'
build_alias=''
build_cpu='x86_64'
build_os='linux-gnu'
build_vendor='unknown'
datadir='${prefix}/share'
exec_prefix='${prefix}'
host='x86_64-unknown-linux-gnu'
host_alias=''
host_cpu='x86_64'
host_os='linux-gnu'
host_vendor='unknown'
includedir='${prefix}/include'
infodir='${prefix}/info'
install_sh='/home/vu3rdd/src/jingle/libjingle-0.4.0/install-sh'
libdir='${exec_prefix}/lib'
libexecdir='${exec_prefix}/libexec'
localstatedir='${prefix}/var'
mandir='${prefix}/man'
mkdir_p='mkdir -p --'
oldincludedir='/usr/include'
prefix='/usr/local'
program_transform_name='s,x,x,'
sbindir='${exec_prefix}/sbin'
sharedstatedir='${prefix}/com'
sysconfdir='${prefix}/etc'
target='x86_64-unknown-linux-gnu'
target_alias=''
target_cpu='x86_64'
target_os='linux-gnu'
target_vendor='unknown'

## ----------- ##
## confdefs.h. ##
## ----------- ##

#define FEATURE_ENABLE_CHAT_ARCHIVING 1
#define FEATURE_ENABLE_SSL 1
#define FEATURE_ENABLE_VOICEMAIL 1
#define HAVE_DLFCN_H 1
#define HAVE_GLIB 1
#define HAVE_ILBC 1
#define HAVE_ILBC_DECODE_H 1
#define HAVE_INTTYPES_H 1
#define HAVE_MEMORY_H 1
#define HAVE_ORTP 1
#define HAVE_SPEEX 1
#define HAVE_SPEEX_SPEEX_H 1
#define HAVE_STDINT_H 1
#define HAVE_STDLIB_H 1
#define HAVE_STRINGS_H 1
#define HAVE_STRING_H 1
#define HAVE_SYS_STAT_H 1
#define HAVE_SYS_TYPES_H 1
#define HAVE_UNISTD_H 1
#define LINUX 1
#define LOGGING 1
#define PACKAGE "libjingle"
#define PACKAGE_BUGREPORT "google-talk-open@googlegroups.com"
#define PACKAGE_NAME "libjingle"
#define PACKAGE_STRING "libjingle 0.4.0"
#define PACKAGE_TARNAME "libjingle"
#define PACKAGE_VERSION "0.4.0"
#define POSIX 1
#define PRODUCTION 1
#define PRODUCTION_BUILD 1
#define STDC_HEADERS 1
#define VERSION "0.4.0"
#endif
#ifdef __cplusplus
extern "C" void exit (int) throw ();

configure: exit 0
