This file contains any messages produced by compilers while
running configure, to aid debugging if configure makes a mistake.

It was created by ilbc configure rfc3951, which was
generated by GNU Autoconf 2.59e.  Invocation command line was

  $ ./configure 

## --------- ##
## Platform. ##
## --------- ##

hostname = shannon
uname -m = x86_64
uname -r = 2.6.25
uname -s = Linux
uname -v = #1 SMP PREEMPT Thu Apr 24 17:09:55 SGT 2008

/usr/bin/uname -p = unknown
/bin/uname -X     = unknown

/bin/arch              = unknown
/usr/bin/arch -k       = unknown
/usr/convex/getsysinfo = unknown
/usr/bin/hostinfo      = unknown
/bin/machine           = unknown
/usr/bin/oslevel       = unknown
/bin/universe          = unknown

PATH: /usr/local/sbin
PATH: /usr/local/bin
PATH: /usr/sbin
PATH: /usr/bin
PATH: /sbin
PATH: /bin
PATH: /usr/bin/X11


## ----------- ##
## Core tests. ##
## ----------- ##

configure:1958: checking for a BSD-compatible install
configure:2014: result: /usr/bin/install -c
configure:2025: checking whether build environment is sane
configure:2068: result: yes
configure:2133: checking for gawk
configure:2149: found /usr/bin/gawk
configure:2160: result: gawk
configure:2171: checking whether make sets $(MAKE)
configure:2192: result: yes
configure:2417: checking for gcc
configure:2433: found /usr/bin/gcc
configure:2444: result: gcc
configure:2682: checking for C compiler version
configure:2689: gcc --version >&5
gcc (GCC) 4.2.3 (Debian 4.2.3-2)
Copyright (C) 2007 Free Software Foundation, Inc.
This is free software; see the source for copying conditions.  There is NO
warranty; not even for MERCHANTABILITY or FITNESS FOR A PARTICULAR PURPOSE.

configure:2692: $? = 0
configure:2699: gcc -v >&5
Using built-in specs.
Target: x86_64-linux-gnu
Configured with: ../src/configure -v --enable-languages=c,c++,fortran,objc,obj-c++,treelang --prefix=/usr --enable-shared --with-system-zlib --libexecdir=/usr/lib --without-included-gettext --enable-threads=posix --enable-nls --with-gxx-include-dir=/usr/include/c++/4.2 --program-suffix=-4.2 --enable-clocale=gnu --enable-libstdcxx-debug --enable-objc-gc --enable-mpfr --disable-libmudflap --enable-checking=release --build=x86_64-linux-gnu --host=x86_64-linux-gnu --target=x86_64-linux-gnu
Thread model: posix
gcc version 4.2.3 (Debian 4.2.3-2)
configure:2702: $? = 0
configure:2709: gcc -V >&5
gcc: '-V' option must have argument
configure:2712: $? = 1
configure:2735: checking for C compiler default output file name
configure:2762: gcc    conftest.c  >&5
configure:2765: $? = 0
configure:2811: result: a.out
configure:2816: checking whether the C compiler works
configure:2826: ./a.out
configure:2829: $? = 0
configure:2846: result: yes
configure:2853: checking whether we are cross compiling
configure:2855: result: no
configure:2858: checking for suffix of executables
configure:2865: gcc -o conftest    conftest.c  >&5
configure:2868: $? = 0
configure:2892: result: 
configure:2898: checking for suffix of object files
configure:2924: gcc -c   conftest.c >&5
configure:2927: $? = 0
configure:2950: result: o
configure:2954: checking whether we are using the GNU C compiler
configure:2983: gcc -c   conftest.c >&5
configure:2989: $? = 0
configure:2996: test -z "$ac_c_werror_flag" || test ! -s conftest.err
configure:2999: $? = 0
configure:3006: test -s conftest.o
configure:3009: $? = 0
configure:3023: result: yes
configure:3028: checking whether gcc accepts -g
configure:3058: gcc -c -g  conftest.c >&5
configure:3064: $? = 0
configure:3071: test -z "$ac_c_werror_flag" || test ! -s conftest.err
configure:3074: $? = 0
configure:3081: test -s conftest.o
configure:3084: $? = 0
configure:3214: result: yes
configure:3231: checking for gcc option to accept ISO C89
configure:3300: gcc  -c -g -O2  conftest.c >&5
configure:3306: $? = 0
configure:3313: test -z "$ac_c_werror_flag" || test ! -s conftest.err
configure:3316: $? = 0
configure:3323: test -s conftest.o
configure:3326: $? = 0
configure:3346: result: none needed
configure:3375: checking for style of include used by make
configure:3403: result: GNU
configure:3431: checking dependency style of gcc
configure:3521: result: gcc3
configure:3616: checking build system type
configure:3634: result: x86_64-unknown-linux-gnu
configure:3656: checking host system type
configure:3671: result: x86_64-unknown-linux-gnu
configure:3693: checking for a sed that does not truncate output
configure:3747: result: /bin/sed
configure:3750: checking for grep that handles long lines and -e
configure:3824: result: /bin/grep
configure:3829: checking for egrep
configure:3907: result: /bin/grep -E
configure:3923: checking for ld used by gcc
configure:3990: result: /usr/bin/ld
configure:3999: checking if the linker (/usr/bin/ld) is GNU ld
configure:4014: result: yes
configure:4019: checking for /usr/bin/ld option to reload object files
configure:4026: result: -r
configure:4044: checking for BSD-compatible nm
configure:4093: result: /usr/bin/nm -B
configure:4097: checking whether ln -s works
configure:4101: result: yes
configure:4108: checking how to recognise dependent libraries
configure:4284: result: pass_all
configure:4372: gcc -c -g -O2  conftest.c >&5
configure:4375: $? = 0
configure:4534: checking how to run the C preprocessor
configure:4574: gcc -E  conftest.c
configure:4580: $? = 0
configure:4618: gcc -E  conftest.c
conftest.c:8:28: error: ac_nonexistent.h: No such file or directory
configure:4624: $? = 1
configure: failed program was:
| /* confdefs.h.  */
| #define PACKAGE_NAME "ilbc"
| #define PACKAGE_TARNAME "ilbc"
| #define PACKAGE_VERSION "rfc3951"
| #define PACKAGE_STRING "ilbc rfc3951"
| #define PACKAGE_BUGREPORT ""
| /* end confdefs.h.  */
| #include <ac_nonexistent.h>
configure:4664: result: gcc -E
configure:4693: gcc -E  conftest.c
configure:4699: $? = 0
configure:4737: gcc -E  conftest.c
conftest.c:8:28: error: ac_nonexistent.h: No such file or directory
configure:4743: $? = 1
configure: failed program was:
| /* confdefs.h.  */
| #define PACKAGE_NAME "ilbc"
| #define PACKAGE_TARNAME "ilbc"
| #define PACKAGE_VERSION "rfc3951"
| #define PACKAGE_STRING "ilbc rfc3951"
| #define PACKAGE_BUGREPORT ""
| /* end confdefs.h.  */
| #include <ac_nonexistent.h>
configure:4788: checking for ANSI C header files
configure:4818: gcc -c -g -O2  conftest.c >&5
configure:4824: $? = 0
configure:4831: test -z "$ac_c_werror_flag" || test ! -s conftest.err
configure:4834: $? = 0
configure:4841: test -s conftest.o
configure:4844: $? = 0
configure:4940: gcc -o conftest -g -O2   conftest.c  >&5
configure:4943: $? = 0
configure:4949: ./conftest
configure:4952: $? = 0
configure:4969: result: yes
configure:4993: checking for sys/types.h
configure:5014: gcc -c -g -O2  conftest.c >&5
configure:5020: $? = 0
configure:5027: test -z "$ac_c_werror_flag" || test ! -s conftest.err
configure:5030: $? = 0
configure:5037: test -s conftest.o
configure:5040: $? = 0
configure:5053: result: yes
configure:4993: checking for sys/stat.h
configure:5014: gcc -c -g -O2  conftest.c >&5
configure:5020: $? = 0
configure:5027: test -z "$ac_c_werror_flag" || test ! -s conftest.err
configure:5030: $? = 0
configure:5037: test -s conftest.o
configure:5040: $? = 0
configure:5053: result: yes
configure:4993: checking for stdlib.h
configure:5014: gcc -c -g -O2  conftest.c >&5
configure:5020: $? = 0
configure:5027: test -z "$ac_c_werror_flag" || test ! -s conftest.err
configure:5030: $? = 0
configure:5037: test -s conftest.o
configure:5040: $? = 0
configure:5053: result: yes
configure:4993: checking for string.h
configure:5014: gcc -c -g -O2  conftest.c >&5
configure:5020: $? = 0
configure:5027: test -z "$ac_c_werror_flag" || test ! -s conftest.err
configure:5030: $? = 0
configure:5037: test -s conftest.o
configure:5040: $? = 0
configure:5053: result: yes
configure:4993: checking for memory.h
configure:5014: gcc -c -g -O2  conftest.c >&5
configure:5020: $? = 0
configure:5027: test -z "$ac_c_werror_flag" || test ! -s conftest.err
configure:5030: $? = 0
configure:5037: test -s conftest.o
configure:5040: $? = 0
configure:5053: result: yes
configure:4993: checking for strings.h
configure:5014: gcc -c -g -O2  conftest.c >&5
configure:5020: $? = 0
configure:5027: test -z "$ac_c_werror_flag" || test ! -s conftest.err
configure:5030: $? = 0
configure:5037: test -s conftest.o
configure:5040: $? = 0
configure:5053: result: yes
configure:4993: checking for inttypes.h
configure:5014: gcc -c -g -O2  conftest.c >&5
configure:5020: $? = 0
configure:5027: test -z "$ac_c_werror_flag" || test ! -s conftest.err
configure:5030: $? = 0
configure:5037: test -s conftest.o
configure:5040: $? = 0
configure:5053: result: yes
configure:4993: checking for stdint.h
configure:5014: gcc -c -g -O2  conftest.c >&5
configure:5020: $? = 0
configure:5027: test -z "$ac_c_werror_flag" || test ! -s conftest.err
configure:5030: $? = 0
configure:5037: test -s conftest.o
configure:5040: $? = 0
configure:5053: result: yes
configure:4993: checking for unistd.h
configure:5014: gcc -c -g -O2  conftest.c >&5
configure:5020: $? = 0
configure:5027: test -z "$ac_c_werror_flag" || test ! -s conftest.err
configure:5030: $? = 0
configure:5037: test -s conftest.o
configure:5040: $? = 0
configure:5053: result: yes
configure:5080: checking dlfcn.h usability
configure:5097: gcc -c -g -O2  conftest.c >&5
configure:5103: $? = 0
configure:5110: test -z "$ac_c_werror_flag" || test ! -s conftest.err
configure:5113: $? = 0
configure:5120: test -s conftest.o
configure:5123: $? = 0
configure:5134: result: yes
configure:5138: checking dlfcn.h presence
configure:5153: gcc -E  conftest.c
configure:5159: $? = 0
configure:5180: result: yes
configure:5208: checking for dlfcn.h
configure:5216: result: yes
configure:5287: checking for g++
configure:5303: found /usr/bin/g++
configure:5314: result: g++
configure:5345: checking for C++ compiler version
configure:5352: g++ --version >&5
g++ (GCC) 4.2.3 (Debian 4.2.3-2)
Copyright (C) 2007 Free Software Foundation, Inc.
This is free software; see the source for copying conditions.  There is NO
warranty; not even for MERCHANTABILITY or FITNESS FOR A PARTICULAR PURPOSE.

configure:5355: $? = 0
configure:5362: g++ -v >&5
Using built-in specs.
Target: x86_64-linux-gnu
Configured with: ../src/configure -v --enable-languages=c,c++,fortran,objc,obj-c++,treelang --prefix=/usr --enable-shared --with-system-zlib --libexecdir=/usr/lib --without-included-gettext --enable-threads=posix --enable-nls --with-gxx-include-dir=/usr/include/c++/4.2 --program-suffix=-4.2 --enable-clocale=gnu --enable-libstdcxx-debug --enable-objc-gc --enable-mpfr --disable-libmudflap --enable-checking=release --build=x86_64-linux-gnu --host=x86_64-linux-gnu --target=x86_64-linux-gnu
Thread model: posix
gcc version 4.2.3 (Debian 4.2.3-2)
configure:5365: $? = 0
configure:5372: g++ -V >&5
g++: '-V' option must have argument
configure:5375: $? = 1
configure:5378: checking whether we are using the GNU C++ compiler
configure:5407: g++ -c   conftest.cpp >&5
configure:5413: $? = 0
configure:5420: test -z "$ac_cxx_werror_flag" || test ! -s conftest.err
configure:5423: $? = 0
configure:5430: test -s conftest.o
configure:5433: $? = 0
configure:5447: result: yes
configure:5452: checking whether g++ accepts -g
configure:5482: g++ -c -g  conftest.cpp >&5
configure:5488: $? = 0
configure:5495: test -z "$ac_cxx_werror_flag" || test ! -s conftest.err
configure:5498: $? = 0
configure:5505: test -s conftest.o
configure:5508: $? = 0
configure:5638: result: yes
configure:5663: checking dependency style of g++
configure:5753: result: gcc3
configure:5780: checking how to run the C++ preprocessor
configure:5816: g++ -E  conftest.cpp
configure:5822: $? = 0
configure:5860: g++ -E  conftest.cpp
conftest.cpp:19:28: error: ac_nonexistent.h: No such file or directory
configure:5866: $? = 1
configure: failed program was:
| /* confdefs.h.  */
| #define PACKAGE_NAME "ilbc"
| #define PACKAGE_TARNAME "ilbc"
| #define PACKAGE_VERSION "rfc3951"
| #define PACKAGE_STRING "ilbc rfc3951"
| #define PACKAGE_BUGREPORT ""
| #define STDC_HEADERS 1
| #define HAVE_SYS_TYPES_H 1
| #define HAVE_SYS_STAT_H 1
| #define HAVE_STDLIB_H 1
| #define HAVE_STRING_H 1
| #define HAVE_MEMORY_H 1
| #define HAVE_STRINGS_H 1
| #define HAVE_INTTYPES_H 1
| #define HAVE_STDINT_H 1
| #define HAVE_UNISTD_H 1
| #define HAVE_DLFCN_H 1
| /* end confdefs.h.  */
| #include <ac_nonexistent.h>
configure:5906: result: g++ -E
configure:5935: g++ -E  conftest.cpp
configure:5941: $? = 0
configure:5979: g++ -E  conftest.cpp
conftest.cpp:19:28: error: ac_nonexistent.h: No such file or directory
configure:5985: $? = 1
configure: failed program was:
| /* confdefs.h.  */
| #define PACKAGE_NAME "ilbc"
| #define PACKAGE_TARNAME "ilbc"
| #define PACKAGE_VERSION "rfc3951"
| #define PACKAGE_STRING "ilbc rfc3951"
| #define PACKAGE_BUGREPORT ""
| #define STDC_HEADERS 1
| #define HAVE_SYS_TYPES_H 1
| #define HAVE_SYS_STAT_H 1
| #define HAVE_STDLIB_H 1
| #define HAVE_STRING_H 1
| #define HAVE_MEMORY_H 1
| #define HAVE_STRINGS_H 1
| #define HAVE_INTTYPES_H 1
| #define HAVE_STDINT_H 1
| #define HAVE_UNISTD_H 1
| #define HAVE_DLFCN_H 1
| /* end confdefs.h.  */
| #include <ac_nonexistent.h>
configure:6085: checking for g77
configure:6115: result: no
configure:6085: checking for f77
configure:6115: result: no
configure:6085: checking for xlf
configure:6115: result: no
configure:6085: checking for frt
configure:6115: result: no
configure:6085: checking for pgf77
configure:6115: result: no
configure:6085: checking for cf77
configure:6115: result: no
configure:6085: checking for fort77
configure:6115: result: no
configure:6085: checking for fl32
configure:6115: result: no
configure:6085: checking for af77
configure:6115: result: no
configure:6085: checking for f90
configure:6115: result: no
configure:6085: checking for xlf90
configure:6115: result: no
configure:6085: checking for pgf90
configure:6115: result: no
configure:6085: checking for pghpf
configure:6115: result: no
configure:6085: checking for epcf90
configure:6115: result: no
configure:6085: checking for gfortran
configure:6101: found /usr/bin/gfortran
configure:6112: result: gfortran
configure:6142: checking for Fortran 77 compiler version
configure:6149: gfortran --version >&5
GNU Fortran (Debian 4.3.0-2) 4.3.1 20080321 (prerelease)
Copyright (C) 2008 Free Software Foundation, Inc.

GNU Fortran comes with NO WARRANTY, to the extent permitted by law.
You may redistribute copies of GNU Fortran
under the terms of the GNU General Public License.
For more information about these matters, see the file named COPYING

configure:6152: $? = 0
configure:6159: gfortran -v >&5
Using built-in specs.
Target: x86_64-linux-gnu
Configured with: ../src/configure linux gnu
Thread model: posix
gcc version 4.3.1 20080321 (prerelease) (Debian 4.3.0-2) 
configure:6162: $? = 0
configure:6169: gfortran -V >&5
gfortran: '-V' option must have argument
configure:6172: $? = 1
configure:6180: checking whether we are using the GNU Fortran 77 compiler
configure:6199: gfortran -c  conftest.F >&5
configure:6205: $? = 0
configure:6212: test -z "$ac_f77_werror_flag" || test ! -s conftest.err
configure:6215: $? = 0
configure:6222: test -s conftest.o
configure:6225: $? = 0
configure:6239: result: yes
configure:6245: checking whether gfortran accepts -g
configure:6262: gfortran -c -g conftest.f >&5
configure:6268: $? = 0
configure:6275: test -z "$ac_f77_werror_flag" || test ! -s conftest.err
configure:6278: $? = 0
configure:6285: test -s conftest.o
configure:6288: $? = 0
configure:6301: result: yes
configure:6331: checking the maximum length of command line arguments
configure:6440: result: 32768
configure:6451: checking command to parse /usr/bin/nm -B output from gcc object
configure:6556: gcc -c -g -O2  conftest.c >&5
configure:6559: $? = 0
configure:6563: /usr/bin/nm -B conftest.o \| sed -n -e 's/^.*[ 	]\([ABCDGIRSTW][ABCDGIRSTW]*\)[ 	][ 	]*\([_A-Za-z][_A-Za-z0-9]*\)$/\1 \2 \2/p' \> conftest.nm
configure:6566: $? = 0
configure:6618: gcc -o conftest -g -O2   conftest.c conftstm.o >&5
configure:6621: $? = 0
configure:6659: result: ok
configure:6663: checking for objdir
configure:6678: result: .libs
configure:6770: checking for ar
configure:6786: found /usr/bin/ar
configure:6797: result: ar
configure:6866: checking for ranlib
configure:6882: found /usr/bin/ranlib
configure:6893: result: ranlib
configure:6962: checking for strip
configure:6978: found /usr/bin/strip
configure:6989: result: strip
configure:7275: checking if gcc supports -fno-rtti -fno-exceptions
configure:7293: gcc -c -g -O2  -fno-rtti -fno-exceptions conftest.c >&5
cc1: warning: command line option "-fno-rtti" is valid for C++/ObjC++ but not for C
configure:7297: $? = 0
configure:7310: result: no
configure:7325: checking for gcc option to produce PIC
configure:7535: result: -fPIC
configure:7543: checking if gcc PIC flag -fPIC works
configure:7561: gcc -c -g -O2  -fPIC -DPIC conftest.c >&5
configure:7565: $? = 0
configure:7578: result: yes
configure:7606: checking if gcc static flag -static works
configure:7634: result: yes
configure:7644: checking if gcc supports -c -o file.o
configure:7665: gcc -c -g -O2  -o out/conftest2.o conftest.c >&5
configure:7669: $? = 0
configure:7691: result: yes
configure:7717: checking whether the gcc linker (/usr/bin/ld -m elf_x86_64) supports shared libraries
configure:8704: result: yes
configure:8725: checking whether -lc should be explicitly linked in
configure:8730: gcc -c -g -O2  conftest.c >&5
configure:8733: $? = 0
configure:8748: gcc -shared conftest.o  -v -Wl,-soname -Wl,conftest -o conftest 2\>\&1 \| grep  -lc  \>/dev/null 2\>\&1
configure:8751: $? = 0
configure:8763: result: no
configure:8771: checking dynamic linker characteristics
configure:9347: result: GNU/Linux ld.so
configure:9356: checking how to hardcode library paths into programs
configure:9381: result: immediate
configure:9395: checking whether stripping libraries is possible
configure:9400: result: yes
configure:10313: checking if libtool supports shared libraries
configure:10315: result: yes
configure:10318: checking whether to build shared libraries
configure:10339: result: yes
configure:10342: checking whether to build static libraries
configure:10346: result: yes
configure:10438: creating libtool
configure:11026: checking for ld used by g++
configure:11093: result: /usr/bin/ld -m elf_x86_64
configure:11102: checking if the linker (/usr/bin/ld -m elf_x86_64) is GNU ld
configure:11117: result: yes
configure:11168: checking whether the g++ linker (/usr/bin/ld -m elf_x86_64) supports shared libraries
configure:12134: result: yes
configure:12152: g++ -c -g -O2  conftest.cpp >&5
configure:12155: $? = 0
configure:12274: checking for g++ option to produce PIC
configure:12548: result: -fPIC
configure:12556: checking if g++ PIC flag -fPIC works
configure:12574: g++ -c -g -O2  -fPIC -DPIC conftest.cpp >&5
configure:12578: $? = 0
configure:12591: result: yes
configure:12619: checking if g++ static flag -static works
configure:12647: result: yes
configure:12657: checking if g++ supports -c -o file.o
configure:12678: g++ -c -g -O2  -o out/conftest2.o conftest.cpp >&5
configure:12682: $? = 0
configure:12704: result: yes
configure:12730: checking whether the g++ linker (/usr/bin/ld -m elf_x86_64) supports shared libraries
configure:12758: result: yes
configure:12825: checking dynamic linker characteristics
configure:13401: result: GNU/Linux ld.so
configure:13410: checking how to hardcode library paths into programs
configure:13435: result: immediate
configure:13961: checking if libtool supports shared libraries
configure:13963: result: yes
configure:13966: checking whether to build shared libraries
configure:13986: result: yes
configure:13989: checking whether to build static libraries
configure:13993: result: yes
configure:14003: checking for gfortran option to produce PIC
configure:14213: result: -fPIC
configure:14221: checking if gfortran PIC flag -fPIC works
configure:14239: gfortran -c -g -O2 -fPIC conftest.f >&5
configure:14243: $? = 0
configure:14256: result: yes
configure:14284: checking if gfortran static flag -static works
configure:14312: result: yes
configure:14322: checking if gfortran supports -c -o file.o
configure:14343: gfortran -c -g -O2 -o out/conftest2.o conftest.f >&5
configure:14347: $? = 0
configure:14369: result: yes
configure:14395: checking whether the gfortran linker (/usr/bin/ld -m elf_x86_64) supports shared libraries
configure:15362: result: yes
configure:15429: checking dynamic linker characteristics
configure:16005: result: GNU/Linux ld.so
configure:16014: checking how to hardcode library paths into programs
configure:16039: result: immediate
configure:19669: checking for ANSI C header files
configure:19850: result: yes
configure:19866: checking for stdlib.h
configure:19872: result: yes
configure:19866: checking for string.h
configure:19872: result: yes
configure:20027: checking for an ANSI C-conforming const
configure:20102: gcc -c -g -O2  conftest.c >&5
configure:20108: $? = 0
configure:20115: test -z "$ac_c_werror_flag" || test ! -s conftest.err
configure:20118: $? = 0
configure:20125: test -s conftest.o
configure:20128: $? = 0
configure:20140: result: yes
configure:20159: checking for memmove
configure:20215: gcc -o conftest -g -O2   conftest.c  >&5
conftest.c:45: warning: conflicting types for built-in function 'memmove'
configure:20221: $? = 0
configure:20228: test -z "$ac_c_werror_flag" || test ! -s conftest.err
configure:20231: $? = 0
configure:20238: test -s conftest
configure:20241: $? = 0
configure:20255: result: yes
configure:20159: checking for memset
configure:20215: gcc -o conftest -g -O2   conftest.c  >&5
conftest.c:46: warning: conflicting types for built-in function 'memset'
configure:20221: $? = 0
configure:20228: test -z "$ac_c_werror_flag" || test ! -s conftest.err
configure:20231: $? = 0
configure:20238: test -s conftest
configure:20241: $? = 0
configure:20255: result: yes
configure:20159: checking for pow
configure:20215: gcc -o conftest -g -O2   conftest.c  >&5
conftest.c:47: warning: conflicting types for built-in function 'pow'
/tmp/ccGvhnaE.o: In function `main':
/home/vu3rdd/src/jingle/msilbc-2.0.0/ilbc-rfc3951/conftest.c:58: undefined reference to `pow'
collect2: ld returned 1 exit status
configure:20221: $? = 1
configure: failed program was:
| /* confdefs.h.  */
| #define PACKAGE_NAME "ilbc"
| #define PACKAGE_TARNAME "ilbc"
| #define PACKAGE_VERSION "rfc3951"
| #define PACKAGE_STRING "ilbc rfc3951"
| #define PACKAGE_BUGREPORT ""
| #define STDC_HEADERS 1
| #define HAVE_SYS_TYPES_H 1
| #define HAVE_SYS_STAT_H 1
| #define HAVE_STDLIB_H 1
| #define HAVE_STRING_H 1
| #define HAVE_MEMORY_H 1
| #define HAVE_STRINGS_H 1
| #define HAVE_INTTYPES_H 1
| #define HAVE_STDINT_H 1
| #define HAVE_UNISTD_H 1
| #define HAVE_DLFCN_H 1
| #define STDC_HEADERS 1
| #define HAVE_STDLIB_H 1
| #define HAVE_STRING_H 1
| #define HAVE_MEMMOVE 1
| #define HAVE_MEMSET 1
| /* end confdefs.h.  */
| /* Define pow to an innocuous variant, in case <limits.h> declares pow.
|    For example, HP-UX 11i <limits.h> declares gettimeofday.  */
| #define pow innocuous_pow
| 
| /* System header to define __stub macros and hopefully few prototypes,
|     which can conflict with char pow (); below.
|     Prefer <limits.h> to <assert.h> if __STDC__ is defined, since
|     <limits.h> exists even on freestanding compilers.  */
| 
| #ifdef __STDC__
| # include <limits.h>
| #else
| # include <assert.h>
| #endif
| 
| #undef pow
| 
| /* Override any GCC internal prototype to avoid an error.
|    Use char because int might match the return type of a GCC
|    builtin and then its argument prototype would still apply.  */
| #ifdef __cplusplus
| extern "C"
| #endif
| char pow ();
| /* The GNU C library defines this for functions which it implements
|     to always fail with ENOSYS.  Some functions are actually named
|     something starting with __ and the normal name is an alias.  */
| #if defined __stub_pow || defined __stub___pow
| choke me
| #endif
| 
| int
| main ()
| {
| return pow ();
|   ;
|   return 0;
| }
configure:20255: result: no
configure:20159: checking for sqrt
configure:20215: gcc -o conftest -g -O2   conftest.c  >&5
conftest.c:47: warning: conflicting types for built-in function 'sqrt'
/tmp/cco5ZQEP.o: In function `main':
/home/vu3rdd/src/jingle/msilbc-2.0.0/ilbc-rfc3951/conftest.c:58: undefined reference to `sqrt'
collect2: ld returned 1 exit status
configure:20221: $? = 1
configure: failed program was:
| /* confdefs.h.  */
| #define PACKAGE_NAME "ilbc"
| #define PACKAGE_TARNAME "ilbc"
| #define PACKAGE_VERSION "rfc3951"
| #define PACKAGE_STRING "ilbc rfc3951"
| #define PACKAGE_BUGREPORT ""
| #define STDC_HEADERS 1
| #define HAVE_SYS_TYPES_H 1
| #define HAVE_SYS_STAT_H 1
| #define HAVE_STDLIB_H 1
| #define HAVE_STRING_H 1
| #define HAVE_MEMORY_H 1
| #define HAVE_STRINGS_H 1
| #define HAVE_INTTYPES_H 1
| #define HAVE_STDINT_H 1
| #define HAVE_UNISTD_H 1
| #define HAVE_DLFCN_H 1
| #define STDC_HEADERS 1
| #define HAVE_STDLIB_H 1
| #define HAVE_STRING_H 1
| #define HAVE_MEMMOVE 1
| #define HAVE_MEMSET 1
| /* end confdefs.h.  */
| /* Define sqrt to an innocuous variant, in case <limits.h> declares sqrt.
|    For example, HP-UX 11i <limits.h> declares gettimeofday.  */
| #define sqrt innocuous_sqrt
| 
| /* System header to define __stub macros and hopefully few prototypes,
|     which can conflict with char sqrt (); below.
|     Prefer <limits.h> to <assert.h> if __STDC__ is defined, since
|     <limits.h> exists even on freestanding compilers.  */
| 
| #ifdef __STDC__
| # include <limits.h>
| #else
| # include <assert.h>
| #endif
| 
| #undef sqrt
| 
| /* Override any GCC internal prototype to avoid an error.
|    Use char because int might match the return type of a GCC
|    builtin and then its argument prototype would still apply.  */
| #ifdef __cplusplus
| extern "C"
| #endif
| char sqrt ();
| /* The GNU C library defines this for functions which it implements
|     to always fail with ENOSYS.  Some functions are actually named
|     something starting with __ and the normal name is an alias.  */
| #if defined __stub_sqrt || defined __stub___sqrt
| choke me
| #endif
| 
| int
| main ()
| {
| return sqrt ();
|   ;
|   return 0;
| }
configure:20255: result: no
configure:20419: creating ./config.status

## ---------------------- ##
## Running config.status. ##
## ---------------------- ##

This file was extended by ilbc config.status rfc3951, which was
generated by GNU Autoconf 2.59e.  Invocation command line was

  CONFIG_FILES    = 
  CONFIG_HEADERS  = 
  CONFIG_LINKS    = 
  CONFIG_COMMANDS = 
  $ ./config.status 

on shannon

config.status:633: creating Makefile
config.status:633: creating ilbc/Makefile
config.status:633: creating platform/Makefile
config.status:633: creating platform/vsnet-ilbc/Makefile
config.status:633: creating doc/Makefile
config.status:817: executing depfiles commands

## ---------------- ##
## Cache variables. ##
## ---------------- ##

ac_cv_build=x86_64-unknown-linux-gnu
ac_cv_c_compiler_gnu=yes
ac_cv_c_const=yes
ac_cv_cxx_compiler_gnu=yes
ac_cv_env_CCC_set=
ac_cv_env_CCC_value=
ac_cv_env_CC_set=
ac_cv_env_CC_value=
ac_cv_env_CFLAGS_set=
ac_cv_env_CFLAGS_value=
ac_cv_env_CPPFLAGS_set=
ac_cv_env_CPPFLAGS_value=
ac_cv_env_CPP_set=
ac_cv_env_CPP_value=
ac_cv_env_CXXCPP_set=
ac_cv_env_CXXCPP_value=
ac_cv_env_CXXFLAGS_set=
ac_cv_env_CXXFLAGS_value=
ac_cv_env_CXX_set=
ac_cv_env_CXX_value=
ac_cv_env_F77_set=
ac_cv_env_F77_value=
ac_cv_env_FFLAGS_set=
ac_cv_env_FFLAGS_value=
ac_cv_env_LDFLAGS_set=
ac_cv_env_LDFLAGS_value=
ac_cv_env_build_alias_set=
ac_cv_env_build_alias_value=
ac_cv_env_host_alias_set=
ac_cv_env_host_alias_value=
ac_cv_env_target_alias_set=
ac_cv_env_target_alias_value=
ac_cv_f77_compiler_gnu=yes
ac_cv_func_memmove=yes
ac_cv_func_memset=yes
ac_cv_func_pow=no
ac_cv_func_sqrt=no
ac_cv_header_dlfcn_h=yes
ac_cv_header_inttypes_h=yes
ac_cv_header_memory_h=yes
ac_cv_header_stdc=yes
ac_cv_header_stdint_h=yes
ac_cv_header_stdlib_h=yes
ac_cv_header_string_h=yes
ac_cv_header_strings_h=yes
ac_cv_header_sys_stat_h=yes
ac_cv_header_sys_types_h=yes
ac_cv_header_unistd_h=yes
ac_cv_host=x86_64-unknown-linux-gnu
ac_cv_objext=o
ac_cv_path_EGREP='/bin/grep -E'
ac_cv_path_GREP=/bin/grep
ac_cv_path_install='/usr/bin/install -c'
ac_cv_prog_AWK=gawk
ac_cv_prog_CPP='gcc -E'
ac_cv_prog_CXXCPP='g++ -E'
ac_cv_prog_ac_ct_AR=ar
ac_cv_prog_ac_ct_CC=gcc
ac_cv_prog_ac_ct_CXX=g++
ac_cv_prog_ac_ct_F77=gfortran
ac_cv_prog_ac_ct_RANLIB=ranlib
ac_cv_prog_ac_ct_STRIP=strip
ac_cv_prog_cc_c89=
ac_cv_prog_cc_g=yes
ac_cv_prog_cxx_g=yes
ac_cv_prog_f77_g=yes
ac_cv_prog_make_make_set=yes
am_cv_CC_dependencies_compiler_type=gcc3
am_cv_CXX_dependencies_compiler_type=gcc3
lt_cv_deplibs_check_method=pass_all
lt_cv_file_magic_cmd='$MAGIC_CMD'
lt_cv_file_magic_test_file=
lt_cv_ld_reload_flag=-r
lt_cv_objdir=.libs
lt_cv_path_LD=/usr/bin/ld
lt_cv_path_LDCXX='/usr/bin/ld -m elf_x86_64'
lt_cv_path_NM='/usr/bin/nm -B'
lt_cv_path_SED=/bin/sed
lt_cv_prog_compiler_c_o=yes
lt_cv_prog_compiler_c_o_CXX=yes
lt_cv_prog_compiler_c_o_F77=yes
lt_cv_prog_compiler_rtti_exceptions=no
lt_cv_prog_gnu_ld=yes
lt_cv_prog_gnu_ldcxx=yes
lt_cv_sys_global_symbol_pipe='sed -n -e '\''s/^.*[ 	]\([ABCDGIRSTW][ABCDGIRSTW]*\)[ 	][ 	]*\([_A-Za-z][_A-Za-z0-9]*\)$/\1 \2 \2/p'\'''
lt_cv_sys_global_symbol_to_c_name_address='sed -n -e '\''s/^: \([^ ]*\) $/  {\"\1\", (lt_ptr) 0},/p'\'' -e '\''s/^[BCDEGRST] \([^ ]*\) \([^ ]*\)$/  {"\2", (lt_ptr) \&\2},/p'\'''
lt_cv_sys_global_symbol_to_cdecl='sed -n -e '\''s/^. .* \(.*\)$/extern int \1;/p'\'''
lt_cv_sys_max_cmd_len=32768
lt_lt_cv_prog_compiler_c_o='"yes"'
lt_lt_cv_prog_compiler_c_o_CXX='"yes"'
lt_lt_cv_prog_compiler_c_o_F77='"yes"'
lt_lt_cv_sys_global_symbol_pipe='"sed -n -e '\''s/^.*[ 	]\\([ABCDGIRSTW][ABCDGIRSTW]*\\)[ 	][ 	]*\\([_A-Za-z][_A-Za-z0-9]*\\)\$/\\1 \\2 \\2/p'\''"'
lt_lt_cv_sys_global_symbol_to_c_name_address='"sed -n -e '\''s/^: \\([^ ]*\\) \$/  {\\\"\\1\\\", (lt_ptr) 0},/p'\'' -e '\''s/^[BCDEGRST] \\([^ ]*\\) \\([^ ]*\\)\$/  {\"\\2\", (lt_ptr) \\&\\2},/p'\''"'
lt_lt_cv_sys_global_symbol_to_cdecl='"sed -n -e '\''s/^. .* \\(.*\\)\$/extern int \\1;/p'\''"'

## ----------------- ##
## Output variables. ##
## ----------------- ##

ACLOCAL='${SHELL} /home/vu3rdd/src/jingle/msilbc-2.0.0/ilbc-rfc3951/missing --run aclocal-1.9'
AMDEPBACKSLASH='\'
AMDEP_FALSE='#'
AMDEP_TRUE=''
AMTAR='${SHELL} /home/vu3rdd/src/jingle/msilbc-2.0.0/ilbc-rfc3951/missing --run tar'
AR='ar'
AUTOCONF='${SHELL} /home/vu3rdd/src/jingle/msilbc-2.0.0/ilbc-rfc3951/missing --run autoconf'
AUTOHEADER='${SHELL} /home/vu3rdd/src/jingle/msilbc-2.0.0/ilbc-rfc3951/missing --run autoheader'
AUTOMAKE='${SHELL} /home/vu3rdd/src/jingle/msilbc-2.0.0/ilbc-rfc3951/missing --run automake-1.9'
AWK='gawk'
CC='gcc'
CCDEPMODE='depmode=gcc3'
CFLAGS='-g -O2'
CPP='gcc -E'
CPPFLAGS=''
CXX='g++'
CXXCPP='g++ -E'
CXXDEPMODE='depmode=gcc3'
CXXFLAGS='-g -O2'
CYGPATH_W='echo'
DEFS='-DPACKAGE_NAME=\"ilbc\" -DPACKAGE_TARNAME=\"ilbc\" -DPACKAGE_VERSION=\"rfc3951\" -DPACKAGE_STRING=\"ilbc\ rfc3951\" -DPACKAGE_BUGREPORT=\"\" -DSTDC_HEADERS=1 -DHAVE_SYS_TYPES_H=1 -DHAVE_SYS_STAT_H=1 -DHAVE_STDLIB_H=1 -DHAVE_STRING_H=1 -DHAVE_MEMORY_H=1 -DHAVE_STRINGS_H=1 -DHAVE_INTTYPES_H=1 -DHAVE_STDINT_H=1 -DHAVE_UNISTD_H=1 -DHAVE_DLFCN_H=1 -DSTDC_HEADERS=1 -DHAVE_STDLIB_H=1 -DHAVE_STRING_H=1 -DHAVE_MEMMOVE=1 -DHAVE_MEMSET=1'
DEPDIR='.deps'
ECHO='echo'
ECHO_C=''
ECHO_N='-n'
ECHO_T=''
EGREP='/bin/grep -E'
EXEEXT=''
F77='gfortran'
FFLAGS='-g -O2'
GREP='/bin/grep'
INSTALL_DATA='${INSTALL} -m 644'
INSTALL_PROGRAM='${INSTALL}'
INSTALL_SCRIPT='${INSTALL}'
INSTALL_STRIP_PROGRAM='${SHELL} $(install_sh) -c -s'
LDFLAGS=''
LIBOBJS=''
LIBS=''
LIBTOOL='$(SHELL) $(top_builddir)/libtool'
LN_S='ln -s'
LTLIBOBJS=''
MAKEINFO='${SHELL} /home/vu3rdd/src/jingle/msilbc-2.0.0/ilbc-rfc3951/missing --run makeinfo'
OBJEXT='o'
PACKAGE='ilbc'
PACKAGE_BUGREPORT=''
PACKAGE_NAME='ilbc'
PACKAGE_STRING='ilbc rfc3951'
PACKAGE_TARNAME='ilbc'
PACKAGE_VERSION='rfc3951'
PATH_SEPARATOR=':'
RANLIB='ranlib'
SET_MAKE=''
SHELL='/bin/sh'
STRIP='strip'
VERSION='rfc3951'
ac_ct_CC='gcc'
ac_ct_CXX='g++'
ac_ct_F77='gfortran'
am__fastdepCC_FALSE='#'
am__fastdepCC_TRUE=''
am__fastdepCXX_FALSE='#'
am__fastdepCXX_TRUE=''
am__include='include'
am__leading_dot='.'
am__quote=''
am__tar='${AMTAR} chof - "$$tardir"'
am__untar='${AMTAR} xf -'
bindir='${exec_prefix}/bin'
build='x86_64-unknown-linux-gnu'
build_alias=''
build_cpu='x86_64'
build_os='linux-gnu'
build_vendor='unknown'
datadir='${datarootdir}'
datarootdir='${prefix}/share'
docdir='${datarootdir}/doc/${PACKAGE_TARNAME}'
dvidir='${docdir}'
exec_prefix='${prefix}'
host='x86_64-unknown-linux-gnu'
host_alias=''
host_cpu='x86_64'
host_os='linux-gnu'
host_vendor='unknown'
htmldir='${docdir}'
includedir='${prefix}/include'
infodir='${datarootdir}/info'
install_sh='/home/vu3rdd/src/jingle/msilbc-2.0.0/ilbc-rfc3951/install-sh'
libdir='${exec_prefix}/lib'
libexecdir='${exec_prefix}/libexec'
localedir='${datarootdir}/locale'
localstatedir='${prefix}/var'
mandir='${datarootdir}/man'
mkdir_p='mkdir -p --'
oldincludedir='/usr/include'
pdfdir='${docdir}'
prefix='/usr/local'
program_transform_name='s,x,x,'
psdir='${docdir}'
sbindir='${exec_prefix}/sbin'
sharedstatedir='${prefix}/com'
sysconfdir='${prefix}/etc'
target_alias=''

## ----------- ##
## confdefs.h. ##
## ----------- ##

#define PACKAGE_NAME "ilbc"
#define PACKAGE_TARNAME "ilbc"
#define PACKAGE_VERSION "rfc3951"
#define PACKAGE_STRING "ilbc rfc3951"
#define PACKAGE_BUGREPORT ""
#define STDC_HEADERS 1
#define HAVE_SYS_TYPES_H 1
#define HAVE_SYS_STAT_H 1
#define HAVE_STDLIB_H 1
#define HAVE_STRING_H 1
#define HAVE_MEMORY_H 1
#define HAVE_STRINGS_H 1
#define HAVE_INTTYPES_H 1
#define HAVE_STDINT_H 1
#define HAVE_UNISTD_H 1
#define HAVE_DLFCN_H 1
#define STDC_HEADERS 1
#define HAVE_STDLIB_H 1
#define HAVE_STRING_H 1
#define HAVE_MEMMOVE 1
#define HAVE_MEMSET 1

configure: exit 0
